#
# A fatal error has been detected by the Java Runtime Environment:
#
#  SIGSEGV (0xb) at pc=0x00000001017f52de, pid=48180, tid=2571
#
# JRE version: Java(TM) SE Runtime Environment (8.0_65-b17) (build 1.8.0_65-b17)
# Java VM: Java HotSpot(TM) 64-Bit Server VM (25.65-b01 mixed mode bsd-amd64 compressed oops)
# Problematic frame:
# V  [libjvm.dylib+0x1692de]  ThreadStateTransition::trans_from_native(JavaThreadState)+0xa
#
# Failed to write core dump. Core dumps have been disabled. To enable core dumping, try "ulimit -c unlimited" before starting Java again
#
# If you would like to submit a bug report, please visit:
#   http://bugreport.java.com/bugreport/crash.jsp
#

---------------  T H R E A D  ---------------

Current thread is native thread

siginfo: si_signo: 11 (SIGSEGV), si_code: 1 (SEGV_MAPERR), si_addr: 0x0000000000000270

Registers:
RAX=0x0000000000000000, RBX=0x0000000000000000, RCX=0x0000000101eae280, RDX=0x0000000000000000
RSP=0x00007fff5e81e490, RBP=0x00007fff5e81e4a0, RSI=0x0000000000000006, RDI=0x00007fff5e81e4b0
R8 =0x000000000000007f, R9 =0x00007faecb7ecd70, R10=0x00007faecb632bb0, R11=0x00000001187d5ef0
R12=0x00007faed03c02e0, R13=0x00007faecb7ecd70, R14=0x00007faecb71e750, R15=0x00007faecb8f41f8
RIP=0x00000001017f52de, EFLAGS=0x0000000000010246, ERR=0x0000000000000006
  TRAPNO=0x000000000000000e

Top of Stack: (sp=0x00007fff5e81e490)
0x00007fff5e81e490:   0000000000000000 00007faecb71e750
0x00007fff5e81e4a0:   00007fff5e81e4d0 000000010199d1b6
0x00007fff5e81e4b0:   0000000000000000 00007faecdb60290
0x00007fff5e81e4c0:   00007faecb8f41f8 0000000000000000
0x00007fff5e81e4d0:   00007fff5e81e4f0 00000001187d1c49
0x00007fff5e81e4e0:   00007faecdb60200 00007faecb8f41f8
0x00007fff5e81e4f0:   00007fff5e81e510 00000001187d1a54
0x00007fff5e81e500:   00007faecdb60200 00007faecdba3890
0x00007fff5e81e510:   00007fff5e81e5a0 00000001238ce468
0x00007fff5e81e520:   0000000000000000 0000000000000000
0x00007fff5e81e530:   0000000000000000 0000000000000000
0x00007fff5e81e540:   4072c00000000000 0000000000000000
0x00007fff5e81e550:   00007faecb7ed480 00007faecdba3890
0x00007fff5e81e560:   00007faecdba3890 00007fff75306490
0x00007fff5e81e570:   0000000000000000 0000000000000000
0x00007fff5e81e580:   0000000000000000 00007fff5e81e5e8
0x00007fff5e81e590:   00007faecb7ef420 0000000000000000
0x00007fff5e81e5a0:   00007fff5e81e5b0 00007fff935b0a0c
0x00007fff5e81e5b0:   00007fff5e81e5d0 00007fff935b099f
0x00007fff5e81e5c0:   0000000000000000 0000000000000000
0x00007fff5e81e5d0:   00007fff5e81e640 00007fff935b0917
0x00007fff5e81e5e0:   00007fff5e81e610 00007fff72f480a0
0x00007fff5e81e5f0:   0000000042000000 00007fff935b0960
0x00007fff5e81e600:   00007fff753056f0 00007faecb7ecd70
0x00007fff5e81e610:   00007faed03c02e0 00007fff5e81ede8
0x00007fff5e81e620:   00007fff75430bd0 00007fff5e81ede8
0x00007fff5e81e630:   00007faecb7ecd70 00007fff9396f955
0x00007fff5e81e640:   00007fff5e81e680 00007fff935b0682
0x00007fff5e81e650:   00007fff5e81ec60 0000000000000000
0x00007fff5e81e660:   00007fff75430bd0 00007fff5e81ede8
0x00007fff5e81e670:   00007fff82af2d40 00007fff9396f955
0x00007fff5e81e680:   00007fff5e81ed90 00007fff9356d442 

Instructions: (pc=0x00000001017f52de)
0x00000001017f52be:   0e 48 8b 0b 49 8b 56 18 48 63 c0 48 89 0c c2 5b
0x00000001017f52ce:   41 5e 5d c3 90 90 55 48 89 e5 41 56 53 48 8b 1f
0x00000001017f52de:   c7 83 70 02 00 00 05 00 00 00 48 8d 05 c9 50 77
0x00000001017f52ee:   00 8b 00 83 f8 01 41 89 f6 75 0c 48 8d 0d 06 b8 

Register to memory mapping:

RAX=0x0000000000000000 is an unknown value
RBX=0x0000000000000000 is an unknown value
RCX=0x0000000101eae280: jni_NativeInterface+0 in /Library/Java/JavaVirtualMachines/jdk1.8.0_65.jdk/Contents/Home/jre/lib/server/libjvm.dylib at 0x000000010168c000
RDX=0x0000000000000000 is an unknown value
RSP=0x00007fff5e81e490 is an unknown value
RBP=0x00007fff5e81e4a0 is an unknown value
RSI=0x0000000000000006 is an unknown value
RDI=0x00007fff5e81e4b0 is an unknown value
R8 =0x000000000000007f is an unknown value
R9 =0x00007faecb7ecd70 is an unknown value
R10=0x00007faecb632bb0 is an unknown value
R11=0x00000001187d5ef0: OBJC_CLASS_$_JNFWeakJObjectWrapper+0 in /System/Library/Frameworks/JavaVM.framework/Versions/A/Frameworks/JavaNativeFoundation.framework/Versions/A/JavaNativeFoundation at 0x00000001187cb000
R12=0x00007faed03c02e0 is an unknown value
R13=0x00007faecb7ecd70 is an unknown value
R14=0x00007faecb71e750 is a weak global jni handle
R15=0x00007faecb8f41f8 is an unknown value


Stack: [0x00007fff5e022000,0x00007fff5e822000],  sp=0x00007fff5e81e490,  free space=8177k
Native frames: (J=compiled Java code, j=interpreted, Vv=VM code, C=native code)
V  [libjvm.dylib+0x1692de]  ThreadStateTransition::trans_from_native(JavaThreadState)+0xa
V  [libjvm.dylib+0x3111b6]  jni_IsSameObject+0x30
C  [JavaNativeFoundation+0x6c49]  -[JNFWeakJObjectWrapper _getWithEnv:]+0x25
C  [JavaNativeFoundation+0x6a54]  -[JNFJObjectWrapper jObjectWithEnv:]+0x16
C  [libawt_lwawt.dylib+0xa468]  -[AWTWindow _deliverMoveResizeEvent]+0xa4
C  [CoreFoundation+0xa0a0c]  __CFNOTIFICATIONCENTER_IS_CALLING_OUT_TO_AN_OBSERVER__+0xc
C  [CoreFoundation+0xa099f]  ___CFXRegistrationPost_block_invoke+0x3f
C  [CoreFoundation+0xa0917]  _CFXRegistrationPost+0x197
C  [CoreFoundation+0xa0682]  ___CFXNotificationPost_block_invoke+0x32
C  [CoreFoundation+0x5d442]  -[_CFXNotificationRegistrar find:object:observer:enumerator:]+0x782
C  [CoreFoundation+0x5c695]  _CFXNotificationPost+0x2b5
C  [Foundation+0x731a]  -[NSNotificationCenter postNotificationName:object:userInfo:]+0x42
C  [AppKit+0x11b8c0]  -[NSWindow _setFrameCommon:display:stashSize:]+0xd95
C  [AppKit+0x11ab1d]  -[NSWindow _setFrame:display:allowImplicitAnimation:stashSize:]+0xde
C  [AppKit+0x11aa38]  -[NSWindow setFrame:display:]+0x43
C  [libawt_lwawt.dylib+0xca5c]  __Java_sun_lwawt_macosx_CPlatformWindow_nativeSetNSWindowBounds_block_invoke_1+0x11c
C  [JavaNativeFoundation+0x6d60]  +[JNFRunLoop _performCopiedBlock:]+0x11
C  [Foundation+0x7754e]  __NSThreadPerformPerform+0x117
C  [CoreFoundation+0xaa621]  __CFRUNLOOP_IS_CALLING_OUT_TO_A_SOURCE0_PERFORM_FUNCTION__+0x11
C  [CoreFoundation+0x89d97]  __CFRunLoopDoSources0+0x1a7
C  [CoreFoundation+0x8933f]  __CFRunLoopRun+0x39f
C  [CoreFoundation+0x88d38]  CFRunLoopRunSpecific+0x128
C  [java+0x6463]  CreateExecutionEnvironment+0x367
C  [java+0x21ac]  JLI_Launch+0x7a0
C  [java+0x84c0]  main+0x65
C  [java+0x1a04]  start+0x34


---------------  P R O C E S S  ---------------

VM state:not at safepoint (normal execution)

VM Mutex/Monitor currently owned by a thread: None

Heap:
 PSYoungGen      total 38400K, used 15659K [0x0000000795580000, 0x0000000798000000, 0x00000007c0000000)
  eden space 33280K, 31% used [0x0000000795580000,0x0000000795fd1ba0,0x0000000797600000)
  from space 5120K, 99% used [0x0000000797600000,0x0000000797af9430,0x0000000797b00000)
  to   space 5120K, 0% used [0x0000000797b00000,0x0000000797b00000,0x0000000798000000)
 ParOldGen       total 87552K, used 3570K [0x0000000740000000, 0x0000000745580000, 0x0000000795580000)
  object space 87552K, 4% used [0x0000000740000000,0x000000074037cb50,0x0000000745580000)
 Metaspace       used 19932K, capacity 20488K, committed 20736K, reserved 1067008K
  class space    used 2639K, capacity 2774K, committed 2816K, reserved 1048576K

Card table byte_map: [0x00000001123c0000,0x00000001127c1000] byte_map_base: 0x000000010e9c0000

Marking Bits: (ParMarkBitMap*) 0x0000000101f6ae20
 Begin Bits: [0x0000000112a6c000, 0x0000000114a6c000)
 End Bits:   [0x0000000114a6c000, 0x0000000116a6c000)

Polling page: 0x000000010265c000

CodeCache: size=245760Kb used=4272Kb max_used=4514Kb free=241487Kb
 bounds [0x0000000103000000, 0x0000000103470000, 0x0000000112000000]
 total_blobs=2111 nmethods=1305 adapters=720
 compilation: enabled

Compilation events (10 events):
Event: 21.205 Thread 0x00007faecb80c000 1412   !   3       javax.swing.UIDefaults::getFromHashtable (239 bytes)
Event: 21.206 Thread 0x00007faecb80c000 nmethod 1412 0x00000001032ff550 code [0x00000001032ff820, 0x0000000103301068]
Event: 21.206 Thread 0x00007faecb80c000 1411       3       java.util.ArrayList::rangeCheckForAdd (26 bytes)
Event: 21.207 Thread 0x00007faecb80c000 nmethod 1411 0x000000010315e750 code [0x000000010315e960, 0x000000010315f478]
Event: 21.207 Thread 0x00007faecb80c000 1414       3       javax.sound.sampled.AudioFormat$Encoding::equals (45 bytes)
Event: 21.208 Thread 0x00007faecb80c000 nmethod 1414 0x00000001031a9b50 code [0x00000001031a9d00, 0x00000001031aa3e8]
Event: 21.208 Thread 0x00007faecb80c000 1413       1       java.beans.PropertyChangeEvent::getPropertyName (5 bytes)
Event: 21.208 Thread 0x00007faecb80c000 nmethod 1413 0x000000010328c750 code [0x000000010328c8a0, 0x000000010328c9b0]
Event: 21.210 Thread 0x00007faecb80c000 1415       1       java.awt.Component::getTreeLock (4 bytes)
Event: 21.210 Thread 0x00007faecb80c000 nmethod 1415 0x00000001032fa0d0 code [0x00000001032fa220, 0x00000001032fa330]

GC Heap History (2 events):
Event: 2.969 GC heap before
{Heap before GC invocations=1 (full 0):
 PSYoungGen      total 38400K, used 32937K [0x0000000795580000, 0x0000000798000000, 0x00000007c0000000)
  eden space 33280K, 98% used [0x0000000795580000,0x00000007975aa7b8,0x0000000797600000)
  from space 5120K, 0% used [0x0000000797b00000,0x0000000797b00000,0x0000000798000000)
  to   space 5120K, 0% used [0x0000000797600000,0x0000000797600000,0x0000000797b00000)
 ParOldGen       total 87552K, used 0K [0x0000000740000000, 0x0000000745580000, 0x0000000795580000)
  object space 87552K, 0% used [0x0000000740000000,0x0000000740000000,0x0000000745580000)
 Metaspace       used 14254K, capacity 14668K, committed 14976K, reserved 1062912K
  class space    used 1905K, capacity 2053K, committed 2176K, reserved 1048576K
Event: 2.992 GC heap after
Heap after GC invocations=1 (full 0):
 PSYoungGen      total 38400K, used 5093K [0x0000000795580000, 0x0000000798000000, 0x00000007c0000000)
  eden space 33280K, 0% used [0x0000000795580000,0x0000000795580000,0x0000000797600000)
  from space 5120K, 99% used [0x0000000797600000,0x0000000797af9430,0x0000000797b00000)
  to   space 5120K, 0% used [0x0000000797b00000,0x0000000797b00000,0x0000000798000000)
 ParOldGen       total 87552K, used 3570K [0x0000000740000000, 0x0000000745580000, 0x0000000795580000)
  object space 87552K, 4% used [0x0000000740000000,0x000000074037cb50,0x0000000745580000)
 Metaspace       used 14254K, capacity 14668K, committed 14976K, reserved 1062912K
  class space    used 1905K, capacity 2053K, committed 2176K, reserved 1048576K
}

Deoptimization events (10 events):
Event: 2.155 Thread 0x00007faecb8f4000 Uncommon trap: reason=class_check action=maybe_recompile pc=0x0000000103297344 method=java.io.DataInputStream.readShort()S @ 4
Event: 2.155 Thread 0x00007faecb8f4000 Uncommon trap: reason=class_check action=maybe_recompile pc=0x0000000103297344 method=java.io.DataInputStream.readShort()S @ 4
Event: 2.162 Thread 0x00007faecb8f4000 Uncommon trap: reason=class_check action=maybe_recompile pc=0x000000010311a99c method=java.lang.String.equals(Ljava/lang/Object;)Z @ 8
Event: 2.162 Thread 0x00007faecb8f4000 Uncommon trap: reason=class_check action=maybe_recompile pc=0x000000010311a99c method=java.lang.String.equals(Ljava/lang/Object;)Z @ 8
Event: 2.162 Thread 0x00007faecb8f4000 Uncommon trap: reason=class_check action=maybe_recompile pc=0x000000010311a99c method=java.lang.String.equals(Ljava/lang/Object;)Z @ 8
Event: 2.167 Thread 0x00007faecb8f4000 Uncommon trap: reason=class_check action=maybe_recompile pc=0x000000010311a99c method=java.lang.String.equals(Ljava/lang/Object;)Z @ 8
Event: 2.579 Thread 0x00007faecb8f4000 Uncommon trap: reason=unstable_if action=reinterpret pc=0x000000010325e1a0 method=java.lang.CharacterData.of(I)Ljava/lang/CharacterData; @ 4
Event: 2.933 Thread 0x00007faecc86d800 Uncommon trap: reason=unstable_if action=reinterpret pc=0x00000001032d797c method=sun.net.www.ParseUtil.encodePath(Ljava/lang/String;Z)Ljava/lang/String; @ 109
Event: 11.291 Thread 0x00007faecc999000 Uncommon trap: reason=unstable_if action=reinterpret pc=0x0000000103289fb4 method=java.lang.AbstractStringBuilder.append(Ljava/lang/String;)Ljava/lang/AbstractStringBuilder; @ 1
Event: 11.292 Thread 0x00007faecc999000 Uncommon trap: reason=unstable_if action=reinterpret pc=0x0000000103238ae8 method=java.lang.AbstractStringBuilder.append(Ljava/lang/String;)Ljava/lang/AbstractStringBuilder; @ 1

Internal exceptions (10 events):
Event: 1.474 Thread 0x00007faecb8f4000 Exception <a 'java/lang/NullPointerException'> (0x00000007963c9e08) thrown at [/Users/java_re/workspace/8-2-build-macosx-x86_64/jdk8u65/4987/hotspot/src/share/vm/interpreter/linkResolver.cpp, line 1178]
Event: 1.474 Thread 0x00007faecb8f4000 Exception <a 'java/lang/NullPointerException'> (0x00000007963c9e08) thrown at [/Users/java_re/workspace/8-2-build-macosx-x86_64/jdk8u65/4987/hotspot/src/share/vm/prims/jvm.cpp, line 1390]
Event: 1.596 Thread 0x00007faecb8f4000 Exception <a 'java/lang/ArrayIndexOutOfBoundsException': 58> (0x00000007965ef6a8) thrown at [/Users/java_re/workspace/8-2-build-macosx-x86_64/jdk8u65/4987/hotspot/src/share/vm/interpreter/interpreterRuntime.cpp, line 366]
Event: 1.597 Thread 0x00007faecb8f4000 Exception <a 'java/lang/ArrayIndexOutOfBoundsException': 18> (0x00000007965f0348) thrown at [/Users/java_re/workspace/8-2-build-macosx-x86_64/jdk8u65/4987/hotspot/src/share/vm/interpreter/interpreterRuntime.cpp, line 366]
Event: 1.598 Thread 0x00007faecb8f4000 Exception <a 'java/lang/ArrayIndexOutOfBoundsException': 86> (0x00000007965f16f0) thrown at [/Users/java_re/workspace/8-2-build-macosx-x86_64/jdk8u65/4987/hotspot/src/share/vm/interpreter/interpreterRuntime.cpp, line 366]
Event: 11.220 Thread 0x00007faecc999000 Exception <a 'java/io/FileNotFoundException'> (0x000000079589dc10) thrown at [/Users/java_re/workspace/8-2-build-macosx-x86_64/jdk8u65/4987/hotspot/src/share/vm/prims/jni.cpp, line 709]
Event: 11.220 Thread 0x00007faecc999000 Exception <a 'java/io/FileNotFoundException'> (0x000000079589e790) thrown at [/Users/java_re/workspace/8-2-build-macosx-x86_64/jdk8u65/4987/hotspot/src/share/vm/prims/jni.cpp, line 709]
Event: 11.228 Thread 0x00007faecc999000 Exception <a 'java/io/FileNotFoundException'> (0x00000007958ac1b8) thrown at [/Users/java_re/workspace/8-2-build-macosx-x86_64/jdk8u65/4987/hotspot/src/share/vm/prims/jni.cpp, line 709]
Event: 11.291 Thread 0x00007faecc999000 Implicit null exception at 0x0000000103289c35 to 0x0000000103289fa1
Event: 11.292 Thread 0x00007faecc999000 Implicit null exception at 0x0000000103238775 to 0x0000000103238ad5

Events (10 events):
Event: 21.210 Executing VM operation: BulkRevokeBias done
Event: 21.210 Thread 0x00007faecd173800 Thread added: 0x00007faecd173800
Event: 21.210 Executing VM operation: RevokeBias
Event: 21.210 Executing VM operation: RevokeBias done
Event: 21.210 Executing VM operation: RevokeBias
Event: 21.210 Executing VM operation: RevokeBias done
Event: 21.210 Executing VM operation: RevokeBias
Event: 21.210 Executing VM operation: RevokeBias done
Event: 21.210 Executing VM operation: RevokeBias
Event: 21.210 Executing VM operation: RevokeBias done


Dynamic libraries:
0x0000000002adc000 	/System/Library/Frameworks/Cocoa.framework/Versions/A/Cocoa
0x0000000002adc000 	/System/Library/Frameworks/Security.framework/Versions/A/Security
0x0000000002adc000 	/System/Library/Frameworks/ApplicationServices.framework/Versions/A/ApplicationServices
0x0000000002adc000 	/usr/lib/libz.1.dylib
0x0000000002adc000 	/usr/lib/libSystem.B.dylib
0x0000000002adc000 	/usr/lib/libobjc.A.dylib
0x0000000002adc000 	/System/Library/Frameworks/CoreFoundation.framework/Versions/A/CoreFoundation
0x0000000002adc000 	/System/Library/Frameworks/Foundation.framework/Versions/C/Foundation
0x0000000002adc000 	/System/Library/Frameworks/AppKit.framework/Versions/C/AppKit
0x0000000002adc000 	/System/Library/Frameworks/CoreData.framework/Versions/A/CoreData
0x0000000002adc000 	/System/Library/PrivateFrameworks/RemoteViewServices.framework/Versions/A/RemoteViewServices
0x0000000002adc000 	/System/Library/PrivateFrameworks/UIFoundation.framework/Versions/A/UIFoundation
0x0000000002adc000 	/usr/lib/libScreenReader.dylib
0x0000000002adc000 	/System/Library/Frameworks/Accelerate.framework/Versions/A/Accelerate
0x0000000002adc000 	/System/Library/Frameworks/IOSurface.framework/Versions/A/IOSurface
0x0000000002adc000 	/System/Library/Frameworks/AudioToolbox.framework/Versions/A/AudioToolbox
0x0000000002adc000 	/System/Library/Frameworks/AudioUnit.framework/Versions/A/AudioUnit
0x0000000002adc000 	/System/Library/PrivateFrameworks/DataDetectorsCore.framework/Versions/A/DataDetectorsCore
0x0000000002adc000 	/System/Library/PrivateFrameworks/DesktopServicesPriv.framework/Versions/A/DesktopServicesPriv
0x0000000002adc000 	/System/Library/Frameworks/Carbon.framework/Versions/A/Frameworks/HIToolbox.framework/Versions/A/HIToolbox
0x0000000002adc000 	/System/Library/Frameworks/QuartzCore.framework/Versions/A/QuartzCore
0x0000000002adc000 	/System/Library/Frameworks/Carbon.framework/Versions/A/Frameworks/SpeechRecognition.framework/Versions/A/SpeechRecognition
0x0000000002adc000 	/usr/lib/libauto.dylib
0x0000000002adc000 	/usr/lib/libicucore.A.dylib
0x0000000002adc000 	/usr/lib/libxml2.2.dylib
0x0000000002adc000 	/System/Library/PrivateFrameworks/CoreUI.framework/Versions/A/CoreUI
0x0000000002adc000 	/System/Library/Frameworks/CoreAudio.framework/Versions/A/CoreAudio
0x0000000002adc000 	/System/Library/Frameworks/DiskArbitration.framework/Versions/A/DiskArbitration
0x0000000002adc000 	/usr/lib/liblangid.dylib
0x0000000002adc000 	/System/Library/PrivateFrameworks/MultitouchSupport.framework/Versions/A/MultitouchSupport
0x0000000002adc000 	/System/Library/Frameworks/IOKit.framework/Versions/A/IOKit
0x0000000002adc000 	/usr/lib/libDiagnosticMessagesClient.dylib
0x0000000002adc000 	/System/Library/Frameworks/CoreServices.framework/Versions/A/CoreServices
0x0000000002adc000 	/System/Library/PrivateFrameworks/PerformanceAnalysis.framework/Versions/A/PerformanceAnalysis
0x0000000002adc000 	/System/Library/PrivateFrameworks/GenerationalStorage.framework/Versions/A/GenerationalStorage
0x0000000002adc000 	/System/Library/Frameworks/OpenGL.framework/Versions/A/OpenGL
0x0000000002adc000 	/System/Library/PrivateFrameworks/Sharing.framework/Versions/A/Sharing
0x0000000002adc000 	/System/Library/Frameworks/CoreGraphics.framework/Versions/A/CoreGraphics
0x0000000002adc000 	/System/Library/Frameworks/CoreImage.framework/Versions/A/CoreImage
0x0000000002adc000 	/System/Library/Frameworks/CoreText.framework/Versions/A/CoreText
0x0000000002adc000 	/System/Library/Frameworks/ImageIO.framework/Versions/A/ImageIO
0x0000000002adc000 	/System/Library/PrivateFrameworks/Backup.framework/Versions/A/Backup
0x0000000002adc000 	/usr/lib/libextension.dylib
0x0000000002adc000 	/usr/lib/libarchive.2.dylib
0x0000000002adc000 	/System/Library/Frameworks/CFNetwork.framework/Versions/A/CFNetwork
0x0000000002adc000 	/System/Library/Frameworks/SystemConfiguration.framework/Versions/A/SystemConfiguration
0x0000000002adc000 	/usr/lib/libCRFSuite.dylib
0x0000000002adc000 	/usr/lib/libc++.1.dylib
0x0000000002adc000 	/usr/lib/libc++abi.dylib
0x0000000002adc000 	/usr/lib/system/libcache.dylib
0x0000000002adc000 	/usr/lib/system/libcommonCrypto.dylib
0x0000000002adc000 	/usr/lib/system/libcompiler_rt.dylib
0x0000000002adc000 	/usr/lib/system/libcopyfile.dylib
0x0000000002adc000 	/usr/lib/system/libcorecrypto.dylib
0x0000000002adc000 	/usr/lib/system/libdispatch.dylib
0x0000000002adc000 	/usr/lib/system/libdyld.dylib
0x0000000002adc000 	/usr/lib/system/libkeymgr.dylib
0x0000000002adc000 	/usr/lib/system/liblaunch.dylib
0x0000000002adc000 	/usr/lib/system/libmacho.dylib
0x0000000002adc000 	/usr/lib/system/libquarantine.dylib
0x0000000002adc000 	/usr/lib/system/libremovefile.dylib
0x0000000002adc000 	/usr/lib/system/libsystem_asl.dylib
0x0000000002adc000 	/usr/lib/system/libsystem_blocks.dylib
0x0000000002adc000 	/usr/lib/system/libsystem_c.dylib
0x0000000002adc000 	/usr/lib/system/libsystem_configuration.dylib
0x0000000002adc000 	/usr/lib/system/libsystem_coreservices.dylib
0x0000000002adc000 	/usr/lib/system/libsystem_coretls.dylib
0x0000000002adc000 	/usr/lib/system/libsystem_dnssd.dylib
0x0000000002adc000 	/usr/lib/system/libsystem_info.dylib
0x0000000002adc000 	/usr/lib/system/libsystem_kernel.dylib
0x0000000002adc000 	/usr/lib/system/libsystem_m.dylib
0x0000000002adc000 	/usr/lib/system/libsystem_malloc.dylib
0x0000000002adc000 	/usr/lib/system/libsystem_network.dylib
0x0000000002adc000 	/usr/lib/system/libsystem_networkextension.dylib
0x0000000002adc000 	/usr/lib/system/libsystem_notify.dylib
0x0000000002adc000 	/usr/lib/system/libsystem_platform.dylib
0x0000000002adc000 	/usr/lib/system/libsystem_pthread.dylib
0x0000000002adc000 	/usr/lib/system/libsystem_sandbox.dylib
0x0000000002adc000 	/usr/lib/system/libsystem_secinit.dylib
0x0000000002adc000 	/usr/lib/system/libsystem_trace.dylib
0x0000000002adc000 	/usr/lib/system/libunc.dylib
0x0000000002adc000 	/usr/lib/system/libunwind.dylib
0x0000000002adc000 	/usr/lib/system/libxpc.dylib
0x0000000002adc000 	/usr/lib/libenergytrace.dylib
0x0000000002adc000 	/usr/lib/libbsm.0.dylib
0x0000000002adc000 	/usr/lib/system/libkxld.dylib
0x0000000002adc000 	/usr/lib/libxar.1.dylib
0x0000000002adc000 	/usr/lib/libsqlite3.dylib
0x0000000002adc000 	/usr/lib/libpam.2.dylib
0x0000000002adc000 	/usr/lib/libOpenScriptingUtil.dylib
0x0000000002adc000 	/usr/lib/libbz2.1.0.dylib
0x0000000002adc000 	/usr/lib/liblzma.5.dylib
0x0000000002adc000 	/System/Library/Frameworks/CoreServices.framework/Versions/A/Frameworks/FSEvents.framework/Versions/A/FSEvents
0x0000000002adc000 	/System/Library/Frameworks/CoreServices.framework/Versions/A/Frameworks/CarbonCore.framework/Versions/A/CarbonCore
0x0000000002adc000 	/System/Library/Frameworks/CoreServices.framework/Versions/A/Frameworks/Metadata.framework/Versions/A/Metadata
0x0000000002adc000 	/System/Library/Frameworks/CoreServices.framework/Versions/A/Frameworks/OSServices.framework/Versions/A/OSServices
0x0000000002adc000 	/System/Library/Frameworks/CoreServices.framework/Versions/A/Frameworks/SearchKit.framework/Versions/A/SearchKit
0x0000000002adc000 	/System/Library/Frameworks/CoreServices.framework/Versions/A/Frameworks/AE.framework/Versions/A/AE
0x0000000002adc000 	/System/Library/Frameworks/CoreServices.framework/Versions/A/Frameworks/LaunchServices.framework/Versions/A/LaunchServices
0x0000000002adc000 	/System/Library/Frameworks/CoreServices.framework/Versions/A/Frameworks/DictionaryServices.framework/Versions/A/DictionaryServices
0x0000000002adc000 	/System/Library/Frameworks/CoreServices.framework/Versions/A/Frameworks/SharedFileList.framework/Versions/A/SharedFileList
0x0000000002adc000 	/System/Library/Frameworks/NetFS.framework/Versions/A/NetFS
0x0000000002adc000 	/System/Library/PrivateFrameworks/NetAuth.framework/Versions/A/NetAuth
0x0000000002adc000 	/System/Library/PrivateFrameworks/login.framework/Versions/A/Frameworks/loginsupport.framework/Versions/A/loginsupport
0x0000000002adc000 	/System/Library/PrivateFrameworks/TCC.framework/Versions/A/TCC
0x0000000002adc000 	/usr/lib/libmecabra.dylib
0x0000000002adc000 	/System/Library/Frameworks/ApplicationServices.framework/Versions/A/Frameworks/ATS.framework/Versions/A/ATS
0x0000000002adc000 	/System/Library/Frameworks/ApplicationServices.framework/Versions/A/Frameworks/ColorSync.framework/Versions/A/ColorSync
0x0000000002adc000 	/System/Library/Frameworks/ApplicationServices.framework/Versions/A/Frameworks/HIServices.framework/Versions/A/HIServices
0x0000000002adc000 	/System/Library/Frameworks/ApplicationServices.framework/Versions/A/Frameworks/LangAnalysis.framework/Versions/A/LangAnalysis
0x0000000002adc000 	/System/Library/Frameworks/ApplicationServices.framework/Versions/A/Frameworks/PrintCore.framework/Versions/A/PrintCore
0x0000000002adc000 	/System/Library/Frameworks/ApplicationServices.framework/Versions/A/Frameworks/QD.framework/Versions/A/QD
0x0000000002adc000 	/System/Library/Frameworks/ApplicationServices.framework/Versions/A/Frameworks/SpeechSynthesis.framework/Versions/A/SpeechSynthesis
0x0000000002adc000 	/System/Library/Frameworks/Metal.framework/Versions/A/Metal
0x0000000002adc000 	/System/Library/Frameworks/Accelerate.framework/Versions/A/Frameworks/vImage.framework/Versions/A/vImage
0x0000000002adc000 	/System/Library/Frameworks/Accelerate.framework/Versions/A/Frameworks/vecLib.framework/Versions/A/vecLib
0x0000000002adc000 	/System/Library/Frameworks/Accelerate.framework/Versions/A/Frameworks/vecLib.framework/Versions/A/libvDSP.dylib
0x0000000002adc000 	/System/Library/Frameworks/Accelerate.framework/Versions/A/Frameworks/vecLib.framework/Versions/A/libvMisc.dylib
0x0000000002adc000 	/System/Library/Frameworks/Accelerate.framework/Versions/A/Frameworks/vecLib.framework/Versions/A/libLAPACK.dylib
0x0000000002adc000 	/System/Library/Frameworks/Accelerate.framework/Versions/A/Frameworks/vecLib.framework/Versions/A/libBLAS.dylib
0x0000000002adc000 	/System/Library/Frameworks/Accelerate.framework/Versions/A/Frameworks/vecLib.framework/Versions/A/libLinearAlgebra.dylib
0x0000000002adc000 	/System/Library/Frameworks/Accelerate.framework/Versions/A/Frameworks/vecLib.framework/Versions/A/libSparseBLAS.dylib
0x0000000002adc000 	/System/Library/PrivateFrameworks/GPUCompiler.framework/libmetal_timestamp.dylib
0x0000000002adc000 	/System/Library/Frameworks/OpenGL.framework/Versions/A/Libraries/libCoreFSCache.dylib
0x0000000002adc000 	/System/Library/PrivateFrameworks/IOAccelerator.framework/Versions/A/IOAccelerator
0x0000000002adc000 	/System/Library/Frameworks/ApplicationServices.framework/Versions/A/Frameworks/ATS.framework/Versions/A/Resources/libFontParser.dylib
0x0000000002adc000 	/System/Library/Frameworks/ApplicationServices.framework/Versions/A/Frameworks/ATS.framework/Versions/A/Resources/libFontRegistry.dylib
0x0000000002adc000 	/System/Library/PrivateFrameworks/AppleVPA.framework/Versions/A/AppleVPA
0x0000000002adc000 	/System/Library/PrivateFrameworks/AppleJPEG.framework/Versions/A/AppleJPEG
0x0000000002adc000 	/System/Library/Frameworks/ImageIO.framework/Versions/A/Resources/libJPEG.dylib
0x0000000002adc000 	/System/Library/Frameworks/ImageIO.framework/Versions/A/Resources/libTIFF.dylib
0x0000000002adc000 	/System/Library/Frameworks/ImageIO.framework/Versions/A/Resources/libPng.dylib
0x0000000002adc000 	/System/Library/Frameworks/ImageIO.framework/Versions/A/Resources/libGIF.dylib
0x0000000002adc000 	/System/Library/Frameworks/ImageIO.framework/Versions/A/Resources/libJP2.dylib
0x0000000002adc000 	/System/Library/Frameworks/ImageIO.framework/Versions/A/Resources/libRadiance.dylib
0x0000000002adc000 	/System/Library/Frameworks/CoreVideo.framework/Versions/A/CoreVideo
0x0000000002adc000 	/System/Library/Frameworks/OpenGL.framework/Versions/A/Libraries/libGLU.dylib
0x0000000002adc000 	/System/Library/Frameworks/OpenGL.framework/Versions/A/Libraries/libGFXShared.dylib
0x0000000002adc000 	/System/Library/Frameworks/OpenGL.framework/Versions/A/Libraries/libGL.dylib
0x0000000002adc000 	/System/Library/Frameworks/OpenGL.framework/Versions/A/Libraries/libGLImage.dylib
0x0000000002adc000 	/System/Library/Frameworks/OpenGL.framework/Versions/A/Libraries/libCVMSPluginSupport.dylib
0x0000000002adc000 	/System/Library/Frameworks/OpenGL.framework/Versions/A/Libraries/libCoreVMClient.dylib
0x0000000002adc000 	/usr/lib/libcups.2.dylib
0x0000000002adc000 	/System/Library/Frameworks/Kerberos.framework/Versions/A/Kerberos
0x0000000002adc000 	/System/Library/Frameworks/GSS.framework/Versions/A/GSS
0x0000000002adc000 	/usr/lib/libresolv.9.dylib
0x0000000002adc000 	/usr/lib/libiconv.2.dylib
0x0000000002adc000 	/System/Library/PrivateFrameworks/Heimdal.framework/Versions/A/Heimdal
0x0000000002adc000 	/usr/lib/libheimdal-asn1.dylib
0x0000000002adc000 	/System/Library/Frameworks/OpenDirectory.framework/Versions/A/OpenDirectory
0x0000000002adc000 	/System/Library/PrivateFrameworks/CommonAuth.framework/Versions/A/CommonAuth
0x0000000002adc000 	/System/Library/Frameworks/OpenDirectory.framework/Versions/A/Frameworks/CFOpenDirectory.framework/Versions/A/CFOpenDirectory
0x0000000002adc000 	/System/Library/Frameworks/SecurityFoundation.framework/Versions/A/SecurityFoundation
0x0000000002adc000 	/System/Library/PrivateFrameworks/LanguageModeling.framework/Versions/A/LanguageModeling
0x0000000002adc000 	/usr/lib/libmarisa.dylib
0x0000000002adc000 	/usr/lib/libChineseTokenizer.dylib
0x0000000002adc000 	/usr/lib/libcmph.dylib
0x0000000002adc000 	/usr/lib/libcompression.dylib
0x0000000002adc000 	/System/Library/Frameworks/ServiceManagement.framework/Versions/A/ServiceManagement
0x0000000002adc000 	/usr/lib/libxslt.1.dylib
0x0000000002adc000 	/System/Library/Frameworks/Carbon.framework/Versions/A/Frameworks/Ink.framework/Versions/A/Ink
0x0000000002adc000 	/usr/lib/libFosl_dynamic.dylib
0x0000000002adc000 	/System/Library/PrivateFrameworks/FaceCore.framework/Versions/A/FaceCore
0x0000000002adc000 	/System/Library/Frameworks/OpenCL.framework/Versions/A/OpenCL
0x0000000002adc000 	/System/Library/PrivateFrameworks/CrashReporterSupport.framework/Versions/A/CrashReporterSupport
0x0000000002adc000 	/System/Library/PrivateFrameworks/IconServices.framework/Versions/A/IconServices
0x0000000002adc000 	/System/Library/PrivateFrameworks/Apple80211.framework/Versions/A/Apple80211
0x0000000002adc000 	/System/Library/Frameworks/CoreWLAN.framework/Versions/A/CoreWLAN
0x0000000002adc000 	/System/Library/Frameworks/IOBluetooth.framework/Versions/A/IOBluetooth
0x0000000002adc000 	/System/Library/PrivateFrameworks/CoreWiFi.framework/Versions/A/CoreWiFi
0x0000000002adc000 	/System/Library/Frameworks/CoreBluetooth.framework/Versions/A/CoreBluetooth
0x0000000002adc000 	/System/Library/PrivateFrameworks/ChunkingLibrary.framework/Versions/A/ChunkingLibrary
0x0000000002adc000 	/System/Library/PrivateFrameworks/DebugSymbols.framework/Versions/A/DebugSymbols
0x0000000002adc000 	/System/Library/PrivateFrameworks/CoreSymbolication.framework/Versions/A/CoreSymbolication
0x0000000002adc000 	/System/Library/PrivateFrameworks/Symbolication.framework/Versions/A/Symbolication
0x0000000002adc000 	/System/Library/PrivateFrameworks/SpeechRecognitionCore.framework/Versions/A/SpeechRecognitionCore
0x000000010168c000 	/Library/Java/JavaVirtualMachines/jdk1.8.0_65.jdk/Contents/Home/jre/lib/server/libjvm.dylib
0x0000000002adc000 	/usr/lib/libstdc++.6.dylib
0x0000000102619000 	/Library/Java/JavaVirtualMachines/jdk1.8.0_65.jdk/Contents/Home/jre/lib/libverify.dylib
0x0000000102627000 	/Library/Java/JavaVirtualMachines/jdk1.8.0_65.jdk/Contents/Home/jre/lib/libjava.dylib
0x0000000102666000 	/Library/Java/JavaVirtualMachines/jdk1.8.0_65.jdk/Contents/Home/jre/lib/libzip.dylib
0x00000001187b0000 	/System/Library/Frameworks/JavaVM.framework/Frameworks/JavaRuntimeSupport.framework/JavaRuntimeSupport
0x00000001187cb000 	/System/Library/Frameworks/JavaVM.framework/Versions/A/Frameworks/JavaNativeFoundation.framework/Versions/A/JavaNativeFoundation
0x00000001187e0000 	/System/Library/Frameworks/JavaVM.framework/Versions/A/JavaVM
0x0000000002adc000 	/System/Library/Frameworks/Carbon.framework/Versions/A/Carbon
0x00000001187ed000 	/System/Library/PrivateFrameworks/JavaLaunching.framework/Versions/A/JavaLaunching
0x0000000002adc000 	/System/Library/Frameworks/Carbon.framework/Versions/A/Frameworks/CommonPanels.framework/Versions/A/CommonPanels
0x0000000002adc000 	/System/Library/Frameworks/Carbon.framework/Versions/A/Frameworks/Help.framework/Versions/A/Help
0x0000000002adc000 	/System/Library/Frameworks/Carbon.framework/Versions/A/Frameworks/ImageCapture.framework/Versions/A/ImageCapture
0x0000000002adc000 	/System/Library/Frameworks/Carbon.framework/Versions/A/Frameworks/OpenScripting.framework/Versions/A/OpenScripting
0x0000000002adc000 	/System/Library/Frameworks/Carbon.framework/Versions/A/Frameworks/Print.framework/Versions/A/Print
0x0000000002adc000 	/System/Library/Frameworks/Carbon.framework/Versions/A/Frameworks/SecurityHI.framework/Versions/A/SecurityHI
0x000000011a1a3000 	/Library/Java/JavaVirtualMachines/jdk1.8.0_65.jdk/Contents/Home/jre/lib/libprism_es2.dylib
0x0000000002adc000 	/System/Library/Frameworks/OpenGL.framework/Versions/A/Resources/GLEngine.bundle/GLEngine
0x0000000002adc000 	/System/Library/Frameworks/OpenGL.framework/Versions/A/Libraries/libGLProgrammability.dylib
0x000000011a224000 	/System/Library/Extensions/AppleIntelHD5000GraphicsGLDriver.bundle/Contents/MacOS/AppleIntelHD5000GraphicsGLDriver
0x0000000002adc000 	/System/Library/PrivateFrameworks/GPUSupport.framework/Versions/A/Libraries/libGPUSupportMercury.dylib
0x0000000002adc000 	/System/Library/Frameworks/OpenGL.framework/Versions/A/Resources/GLRendererFloat.bundle/GLRendererFloat
0x0000000002adc000 	/System/Library/Frameworks/OpenCL.framework/Versions/A/Libraries/libcldcpuengine.dylib
0x0000000002adc000 	/System/Library/PrivateFrameworks/DiskImages.framework/Versions/A/DiskImages
0x0000000002adc000 	/System/Library/Frameworks/DiscRecording.framework/Versions/A/DiscRecording
0x0000000002adc000 	/usr/lib/libcsfde.dylib
0x0000000002adc000 	/usr/lib/libcurl.4.dylib
0x0000000002adc000 	/System/Library/PrivateFrameworks/MediaKit.framework/Versions/A/MediaKit
0x0000000002adc000 	/System/Library/PrivateFrameworks/ProtectedCloudStorage.framework/Versions/A/ProtectedCloudStorage
0x0000000002adc000 	/usr/lib/libCoreStorage.dylib
0x0000000002adc000 	/System/Library/PrivateFrameworks/EFILogin.framework/Versions/A/EFILogin
0x0000000002adc000 	/usr/lib/libutil.dylib
0x0000000002adc000 	/System/Library/PrivateFrameworks/FindMyDevice.framework/Versions/A/FindMyDevice
0x0000000002adc000 	/System/Library/Frameworks/LDAP.framework/Versions/A/LDAP
0x0000000002adc000 	/usr/lib/libsasl2.2.dylib
0x0000000002adc000 	/System/Library/PrivateFrameworks/CoreDaemon.framework/Versions/B/CoreDaemon
0x0000000002adc000 	/usr/lib/libcrypto.0.9.8.dylib
0x0000000002adc000 	/System/Library/PrivateFrameworks/AppleSRP.framework/Versions/A/AppleSRP
0x0000000002adc000 	/System/Library/PrivateFrameworks/TrustEvaluationAgent.framework/Versions/A/TrustEvaluationAgent
0x000000011adae000 	/Library/Java/JavaVirtualMachines/jdk1.8.0_65.jdk/Contents/Home/jre/lib/libglass.dylib
0x0000000002adc000 	/System/Library/PrivateFrameworks/CoreServicesInternal.framework/Versions/A/CoreServicesInternal
0x0000000002adc000 	/System/Library/CoreServices/RawCamera.bundle/Contents/MacOS/RawCamera
0x0000000002adc000 	/System/Library/Frameworks/CoreGraphics.framework/Versions/A/Resources/libRIP.A.dylib
0x0000000002adc000 	/System/Library/Frameworks/Accelerate.framework/Versions/A/Frameworks/vImage.framework/Versions/A/Libraries/libCGInterfaces.dylib
0x0000000002adc000 	/System/Library/PrivateFrameworks/FamilyControls.framework/Versions/A/FamilyControls
0x0000000002adc000 	/System/Library/PrivateFrameworks/CommerceKit.framework/Versions/A/Frameworks/CommerceCore.framework/Versions/A/CommerceCore
0x0000000002adc000 	/System/Library/PrivateFrameworks/SystemAdministration.framework/Versions/A/SystemAdministration
0x0000000002adc000 	/System/Library/PrivateFrameworks/AppContainer.framework/Versions/A/AppContainer
0x0000000002adc000 	/System/Library/PrivateFrameworks/SecCodeWrapper.framework/Versions/A/SecCodeWrapper
0x0000000002adc000 	/System/Library/Frameworks/DirectoryService.framework/Versions/A/DirectoryService
0x0000000002adc000 	/System/Library/PrivateFrameworks/LoginUIKit.framework/Versions/A/Frameworks/LoginUICore.framework/Versions/A/LoginUICore
0x0000000002adc000 	/usr/lib/libodfde.dylib
0x0000000002adc000 	/System/Library/Frameworks/CoreGraphics.framework/Versions/A/Resources/libCGXType.A.dylib
0x000000011e928000 	cl_kernels
0x0000000002adc000 	/System/Library/Frameworks/OpenCL.framework/Versions/A/Libraries/ImageFormats/unorm8_bgra.dylib
0x0000000002adc000 	/System/Library/Frameworks/OpenCL.framework/Versions/A/Libraries/ImageFormats/unorm8_rgba.dylib
0x000000011ebd4000 	/Library/Java/JavaVirtualMachines/jdk1.8.0_65.jdk/Contents/Home/jre/lib/libjavafx_iio.dylib
0x000000011ecc6000 	/Library/Java/JavaVirtualMachines/jdk1.8.0_65.jdk/Contents/Home/jre/lib/libjavafx_font.dylib
0x000000011ec12000 	/Library/Java/JavaVirtualMachines/jdk1.8.0_65.jdk/Contents/Home/jre/lib/libprism_common.dylib
0x00000001228c5000 	/System/Library/Extensions/AppleIntelHD5000GraphicsMTLDriver.bundle/Contents/MacOS/AppleIntelHD5000GraphicsMTLDriver
0x0000000123750000 	/Library/Java/JavaVirtualMachines/jdk1.8.0_65.jdk/Contents/Home/jre/lib/libawt.dylib
0x00000001237f8000 	/Library/Java/JavaVirtualMachines/jdk1.8.0_65.jdk/Contents/Home/jre/lib/./libmlib_image.dylib
0x00000001238c4000 	/Library/Java/JavaVirtualMachines/jdk1.8.0_65.jdk/Contents/Home/jre/lib/libawt_lwawt.dylib
0x000000011f164000 	/Library/Java/JavaVirtualMachines/jdk1.8.0_65.jdk/Contents/Home/jre/lib/./libosxapp.dylib
0x0000000002adc000 	/System/Library/Frameworks/ExceptionHandling.framework/Versions/A/ExceptionHandling
0x0000000124179000 	/Library/Java/JavaVirtualMachines/jdk1.8.0_65.jdk/Contents/Home/jre/lib/libfontmanager.dylib
0x000000011f201000 	/Library/Java/JavaVirtualMachines/jdk1.8.0_65.jdk/Contents/Home/jre/lib/libosxui.dylib
0x0000000124ed7000 	/Library/Java/JavaVirtualMachines/jdk1.8.0_65.jdk/Contents/Home/jre/lib/libjsound.dylib
0x0000000124eea000 	/System/Library/Frameworks/CoreMIDI.framework/Versions/A/CoreMIDI
0x0000000124f49000 	/usr/lib/libexpat.1.dylib
0x000000011f2c1000 	/System/Library/Extensions/AppleHDA.kext/Contents/PlugIns/AppleHDAHALPlugIn.bundle/Contents/MacOS/AppleHDAHALPlugIn
0x0000000124f6c000 	/System/Library/Components/CoreAudio.component/Contents/MacOS/CoreAudio
0x000000011dc6b000 	/Library/Java/JavaVirtualMachines/jdk1.8.0_65.jdk/Contents/Home/jre/lib/libnet.dylib
0x000000011dc82000 	/Library/Java/JavaVirtualMachines/jdk1.8.0_65.jdk/Contents/Home/jre/lib/libnio.dylib
0x0000000002adc000 	/System/Library/Frameworks/ApplicationServices.framework/Versions/A/Frameworks/ATS.framework/Versions/A/Resources/libTrueTypeScaler.dylib

VM Arguments:
jvm_args: -Dfile.encoding=UTF-8 
java_command: /Users/madhaviunnam/NetBeansProjects/MemoryAid/dist/run457910587/MemoryAid.jar
java_class_path (initial): /Users/madhaviunnam/NetBeansProjects/MemoryAid/dist/run457910587/MemoryAid.jar
Launcher Type: SUN_STANDARD

Environment Variables:
PATH=/usr/bin:/bin:/usr/sbin:/sbin
LD_LIBRARY_PATH=/Library/Java/JavaVirtualMachines/jdk1.8.0_65.jdk/Contents/Home/jre/lib/amd64:/Library/Java/JavaVirtualMachines/jdk1.8.0_65.jdk/Contents/Home/jre/lib/i386:
SHELL=/bin/bash

Signal Handlers:
SIGSEGV: [libjvm.dylib+0x5a6d31], sa_mask[0]=11111111011111110111111111111111, sa_flags=SA_ONSTACK|SA_RESTART|SA_SIGINFO
SIGBUS: [libjvm.dylib+0x5a6d31], sa_mask[0]=11111111011111110111111111111111, sa_flags=SA_RESTART|SA_SIGINFO
SIGFPE: [libjvm.dylib+0x480a40], sa_mask[0]=11111111011111110111111111111111, sa_flags=SA_RESTART|SA_SIGINFO
SIGPIPE: [libjvm.dylib+0x480a40], sa_mask[0]=11111111011111110111111111111111, sa_flags=SA_RESTART|SA_SIGINFO
SIGXFSZ: [libjvm.dylib+0x480a40], sa_mask[0]=11111111011111110111111111111111, sa_flags=SA_RESTART|SA_SIGINFO
SIGILL: [libjvm.dylib+0x480a40], sa_mask[0]=11111111011111110111111111111111, sa_flags=SA_RESTART|SA_SIGINFO
SIGUSR1: SIG_DFL, sa_mask[0]=00000000000000000000000000000000, sa_flags=none
SIGUSR2: [libjvm.dylib+0x48055e], sa_mask[0]=00100000000000000000000000000000, sa_flags=SA_RESTART|SA_SIGINFO
SIGHUP: [libjvm.dylib+0x47eb35], sa_mask[0]=11111111011111110111111111111111, sa_flags=SA_RESTART|SA_SIGINFO
SIGINT: SIG_IGN, sa_mask[0]=00000000000000000000000000000000, sa_flags=none
SIGTERM: [libjvm.dylib+0x47eb35], sa_mask[0]=11111111011111110111111111111111, sa_flags=SA_RESTART|SA_SIGINFO
SIGQUIT: [libjvm.dylib+0x47eb35], sa_mask[0]=11111111011111110111111111111111, sa_flags=SA_RESTART|SA_SIGINFO


---------------  S Y S T E M  ---------------

OS:Bsduname:Darwin 15.0.0 Darwin Kernel Version 15.0.0: Wed Aug 26 16:57:32 PDT 2015; root:xnu-3247.1.106~1/RELEASE_X86_64 x86_64
rlimit: STACK 8192k, CORE 0k, NPROC 709, NOFILE 10240, AS infinity
load average:2.44 2.20 2.23

CPU:total 4 (2 cores per cpu, 2 threads per core) family 6 model 69 stepping 1, cmov, cx8, fxsr, mmx, sse, sse2, sse3, ssse3, sse4.1, sse4.2, popcnt, avx, avx2, aes, clmul, erms, lzcnt, ht, tsc, tscinvbit, bmi1, bmi2

Memory: 4k page, physical 8388608k(74520k free)

/proc/meminfo:


vm_info: Java HotSpot(TM) 64-Bit Server VM (25.65-b01) for bsd-amd64 JRE (1.8.0_65-b17), built on Oct  6 2015 15:36:46 by "java_re" with gcc 4.2.1 (Based on Apple Inc. build 5658) (LLVM build 2336.11.00)

time: Tue Nov 17 08:36:17 2015
elapsed time: 21 seconds (0d 0h 0m 21s)

