#
# A fatal error has been detected by the Java Runtime Environment:
#
#  SIGSEGV (0xb) at pc=0x0000000105f652de, pid=4914, tid=2571
#
# JRE version: Java(TM) SE Runtime Environment (8.0_65-b17) (build 1.8.0_65-b17)
# Java VM: Java HotSpot(TM) 64-Bit Server VM (25.65-b01 mixed mode bsd-amd64 compressed oops)
# Problematic frame:
# V  [libjvm.dylib+0x1692de]
#
# Failed to write core dump. Core dumps have been disabled. To enable core dumping, try "ulimit -c unlimited" before starting Java again
#
# If you would like to submit a bug report, please visit:
#   http://bugreport.java.com/bugreport/crash.jsp
#

---------------  T H R E A D  ---------------

Current thread is native thread

siginfo: si_signo: 11 (SIGSEGV), si_code: 1 (SEGV_MAPERR), si_addr: 0x0000000000000270

Registers:
RAX=0x0000000000000000, RBX=0x0000000000000000, RCX=0x000000010610d20f, RDX=0x00007fd2d21711f8
RSP=0x00007fff5a0adf80, RBP=0x00007fff5a0adf90, RSI=0x0000000000000006, RDI=0x00007fff5a0adfd0
R8 =0x0000000000000000, R9 =0x0000000000000000, R10=0x00007fd2dc389aa0, R11=0x000000011cf3fea0
R12=0x00007fd2d21711f8, R13=0x000000012287ff20, R14=0x00007fd2d21711f8, R15=0x0000000000000000
RIP=0x0000000105f652de, EFLAGS=0x0000000000010246, ERR=0x0000000000000006
  TRAPNO=0x000000000000000e

Top of Stack: (sp=0x00007fff5a0adf80)
0x00007fff5a0adf80:   00007fd2d35034a8 00007fd2d21711f8
0x00007fff5a0adf90:   00007fff5a0adff0 000000010610d23f
0x00007fff5a0adfa0:   d20054120d4a8ff3 0000000000000000
0x00007fff5a0adfb0:   00007fd2db76c000 00007fd2d358e580
0x00007fff5a0adfc0:   00007fff5a0adff0 0000000127f6d6e9
0x00007fff5a0adfd0:   0000000000000000 00007fd2d0d5fa60
0x00007fff5a0adfe0:   00007fd2db76c000 00007fd2d358e580
0x00007fff5a0adff0:   00007fff5a0ae050 0000000127ecdebb
0x00007fff5a0ae000:   d20054120d4a8ff3 0000000000000000
0x00007fff5a0ae010:   40d45db74e38db72 00007fd2d358f000
0x00007fff5a0ae020:   00007fff5a0ae050 00007fff82af2d40
0x00007fff5a0ae030:   0000000000000000 000000012287ff20
0x00007fff5a0ae040:   00007fd2d358e580 00007fd2d358f000
0x00007fff5a0ae050:   00007fff5a0ae0b0 00007fff8844aeb3
0x00007fff5a0ae060:   0000046200000004 0000000000000000
0x00007fff5a0ae070:   00007fd2d358e580 0000000000000000
0x00007fff5a0ae080:   40d45db74e38db72 00007fff82af2d40
0x00007fff5a0ae090:   00007fd2dc32f3b0 00007fd2d358e580
0x00007fff5a0ae0a0:   0000000000000004 0000000000000000
0x00007fff5a0ae0b0:   00007fff5a0ae120 00007fff8844aa5d
0x00007fff5a0ae0c0:   4000000000000000 408f980000000000
0x00007fff5a0ae0d0:   4081880000000000 0000000000000000
0x00007fff5a0ae0e0:   0000000000000000 408f980000000000
0x00007fff5a0ae0f0:   4081880000000000 00007fff5a0ae200
0x00007fff5a0ae100:   0000000122880f28 00007fff8d9578eb
0x00007fff5a0ae110:   0000000000000001 0000000122880e80
0x00007fff5a0ae120:   00007fff5a0af200 00007fff883eee51
0x00007fff5a0ae130:   00007fff5a0af200 00007fff883eed13
0x00007fff5a0ae140:   6740010000000000 6840010000000000
0x00007fff5a0ae150:   0000000122880f28 0000000122880f28
0x00007fff5a0ae160:   0000000122880e80 0000000000000000
0x00007fff5a0ae170:   00007fd2d225da00 00007fff5a0ae130 

Instructions: (pc=0x0000000105f652de)
0x0000000105f652be:   0e 48 8b 0b 49 8b 56 18 48 63 c0 48 89 0c c2 5b
0x0000000105f652ce:   41 5e 5d c3 90 90 55 48 89 e5 41 56 53 48 8b 1f
0x0000000105f652de:   c7 83 70 02 00 00 05 00 00 00 48 8d 05 c9 50 77
0x0000000105f652ee:   00 8b 00 83 f8 01 41 89 f6 75 0c 48 8d 0d 06 b8 

Register to memory mapping:

RAX=0x0000000000000000 is an unknown value
RBX=0x0000000000000000 is an unknown value
RCX=0x000000010610d20f: jni_NewLocalRef+0 in /Library/Java/JavaVirtualMachines/jdk1.8.0_65.jdk/Contents/Home/jre/lib/server/libjvm.dylib at 0x0000000105dfc000
RDX=0x00007fd2d21711f8 is an unknown value
RSP=0x00007fff5a0adf80 is an unknown value
RBP=0x00007fff5a0adf90 is an unknown value
RSI=0x0000000000000006 is an unknown value
RDI=0x00007fff5a0adfd0 is an unknown value
R8 =0x0000000000000000 is an unknown value
R9 =0x0000000000000000 is an unknown value
R10=0x00007fd2dc389aa0 is an unknown value
R11=0x000000011cf3fea0: OBJC_CLASS_$_JNFJObjectWrapper+0 in /System/Library/Frameworks/JavaVM.framework/Versions/A/Frameworks/JavaNativeFoundation.framework/Versions/A/JavaNativeFoundation at 0x000000011cf35000
R12=0x00007fd2d21711f8 is an unknown value
R13=0x000000012287ff20 is an unknown value
R14=0x00007fd2d21711f8 is an unknown value
R15=0x0000000000000000 is an unknown value


Stack: [0x00007fff598b2000,0x00007fff5a0b2000],  sp=0x00007fff5a0adf80,  free space=8175k
Native frames: (J=compiled Java code, j=interpreted, Vv=VM code, C=native code)
V  [libjvm.dylib+0x1692de]
V  [libjvm.dylib+0x31123f]
C  [libawt_lwawt.dylib+0x19ebb]  -[CGLLayer drawInCGLContext:pixelFormat:forLayerTime:displayTime:]+0xee
C  [QuartzCore+0x6deb3]  _ZL17CAOpenGLLayerDrawP13CAOpenGLLayerdPK11CVTimeStampj+0x2ca
C  [QuartzCore+0x6da5d]  -[CAOpenGLLayer _display]+0x160
C  [QuartzCore+0x11e51]  _ZN2CA5Layer17display_if_neededEPNS_11TransactionE+0x25b
C  [QuartzCore+0x11979]  _ZN2CA5Layer28layout_and_display_if_neededEPNS_11TransactionE+0x23
C  [QuartzCore+0x10e4d]  _ZN2CA7Context18commit_transactionEPNS_11TransactionE+0x115
C  [QuartzCore+0x10a98]  _ZN2CA11Transaction6commitEv+0x1fc
C  [QuartzCore+0x1c28f]  _ZN2CA11Transaction17observer_callbackEP19__CFRunLoopObservermPv+0x47
C  [CoreFoundation+0xa9e07]  __CFRUNLOOP_IS_CALLING_OUT_TO_AN_OBSERVER_CALLBACK_FUNCTION__+0x17
C  [CoreFoundation+0xa9d77]  __CFRunLoopDoObservers+0x187
C  [CoreFoundation+0x8943a]  __CFRunLoopRun+0x49a
C  [CoreFoundation+0x88d38]  CFRunLoopRunSpecific+0x128
C  [java+0x6463]  CreateExecutionEnvironment+0x367
C  [java+0x21ac]  JLI_Launch+0x7a0
C  [java+0x84c0]  main+0x65
C  [java+0x1a04]  start+0x34


---------------  P R O C E S S  ---------------

VM state:not at safepoint (normal execution)

VM Mutex/Monitor currently owned by a thread: None

Heap:
 PSYoungGen      total 38400K, used 2418K [0x0000000795580000, 0x0000000798000000, 0x00000007c0000000)
  eden space 33280K, 7% used [0x0000000795580000,0x00000007957dca70,0x0000000797600000)
  from space 5120K, 0% used [0x0000000797b00000,0x0000000797b00000,0x0000000798000000)
  to   space 5120K, 0% used [0x0000000797600000,0x0000000797600000,0x0000000797b00000)
 ParOldGen       total 56832K, used 14958K [0x0000000740000000, 0x0000000743780000, 0x0000000795580000)
  object space 56832K, 26% used [0x0000000740000000,0x0000000740e9bb98,0x0000000743780000)
 Metaspace       used 20719K, capacity 21398K, committed 21760K, reserved 1069056K
  class space    used 2783K, capacity 2949K, committed 3072K, reserved 1048576K

Card table byte_map: [0x00000001169c0000,0x0000000116dc1000] byte_map_base: 0x0000000112fc0000

Marking Bits: (ParMarkBitMap*) 0x00000001066dae20
 Begin Bits: [0x000000011706c000, 0x000000011906c000)
 End Bits:   [0x000000011906c000, 0x000000011b06c000)

Polling page: 0x0000000106dcc000

CodeCache: size=245760Kb used=5812Kb max_used=5812Kb free=239947Kb
 bounds [0x0000000107600000, 0x0000000107bc0000, 0x0000000116600000]
 total_blobs=2425 nmethods=1627 adapters=711
 compilation: enabled

Compilation events (10 events):
Event: 26.635 Thread 0x00007fd2d20c3800 nmethod 1749 0x0000000107babf90 code [0x0000000107bac0e0, 0x0000000107bac230]
Event: 26.635 Thread 0x00007fd2d20c3800 1751       3       sun.java2d.pipe.RenderQueue::ensureCapacity (16 bytes)
Event: 26.635 Thread 0x00007fd2d20c3800 nmethod 1751 0x0000000107bac290 code [0x0000000107bac400, 0x0000000107bac748]
Event: 26.635 Thread 0x00007fd2d20c3800 1750       1       java.lang.reflect.Constructor::getConstructorAccessor (5 bytes)
Event: 26.635 Thread 0x00007fd2d20c3800 nmethod 1750 0x0000000107bac850 code [0x0000000107bac9a0, 0x0000000107bacab0]
Event: 26.636 Thread 0x00007fd2d20c3800 1752       3       sun.reflect.ConstructorAccessorImpl::<init> (5 bytes)
Event: 26.636 Thread 0x00007fd2d20c3800 nmethod 1752 0x0000000107bacb10 code [0x0000000107bacc80, 0x0000000107bace90]
Event: 26.636 Thread 0x00007fd2d20c3800 1753       1       javax.swing.RepaintManager::isDoubleBufferingEnabled (5 bytes)
Event: 26.636 Thread 0x00007fd2d20c3800 nmethod 1753 0x0000000107bacf90 code [0x0000000107bad0e0, 0x0000000107bad1f0]
Event: 26.636 Thread 0x00007fd2d20c3800 1754       3       java.lang.invoke.MethodHandles$Lookup::getDirectMethodCommon (271 bytes)

GC Heap History (6 events):
Event: 4.167 GC heap before
{Heap before GC invocations=1 (full 0):
 PSYoungGen      total 38400K, used 33280K [0x0000000795580000, 0x0000000798000000, 0x00000007c0000000)
  eden space 33280K, 100% used [0x0000000795580000,0x0000000797600000,0x0000000797600000)
  from space 5120K, 0% used [0x0000000797b00000,0x0000000797b00000,0x0000000798000000)
  to   space 5120K, 0% used [0x0000000797600000,0x0000000797600000,0x0000000797b00000)
 ParOldGen       total 87552K, used 0K [0x0000000740000000, 0x0000000745580000, 0x0000000795580000)
  object space 87552K, 0% used [0x0000000740000000,0x0000000740000000,0x0000000745580000)
 Metaspace       used 14013K, capacity 14540K, committed 14592K, reserved 1062912K
  class space    used 1883K, capacity 2040K, committed 2048K, reserved 1048576K
Event: 4.185 GC heap after
Heap after GC invocations=1 (full 0):
 PSYoungGen      total 38400K, used 5109K [0x0000000795580000, 0x0000000798000000, 0x00000007c0000000)
  eden space 33280K, 0% used [0x0000000795580000,0x0000000795580000,0x0000000797600000)
  from space 5120K, 99% used [0x0000000797600000,0x0000000797afd410,0x0000000797b00000)
  to   space 5120K, 0% used [0x0000000797b00000,0x0000000797b00000,0x0000000798000000)
 ParOldGen       total 87552K, used 3027K [0x0000000740000000, 0x0000000745580000, 0x0000000795580000)
  object space 87552K, 3% used [0x0000000740000000,0x00000007402f4df0,0x0000000745580000)
 Metaspace       used 14013K, capacity 14540K, committed 14592K, reserved 1062912K
  class space    used 1883K, capacity 2040K, committed 2048K, reserved 1048576K
}
Event: 21.924 GC heap before
{Heap before GC invocations=2 (full 0):
 PSYoungGen      total 38400K, used 22266K [0x0000000795580000, 0x0000000798000000, 0x00000007c0000000)
  eden space 33280K, 51% used [0x0000000795580000,0x0000000796641548,0x0000000797600000)
  from space 5120K, 99% used [0x0000000797600000,0x0000000797afd410,0x0000000797b00000)
  to   space 5120K, 0% used [0x0000000797b00000,0x0000000797b00000,0x0000000798000000)
 ParOldGen       total 87552K, used 3027K [0x0000000740000000, 0x0000000745580000, 0x0000000795580000)
  object space 87552K, 3% used [0x0000000740000000,0x00000007402f4df0,0x0000000745580000)
 Metaspace       used 20640K, capacity 21220K, committed 21296K, reserved 1067008K
  class space    used 2776K, capacity 2938K, committed 2944K, reserved 1048576K
Event: 21.933 GC heap after
Heap after GC invocations=2 (full 0):
 PSYoungGen      total 38400K, used 5101K [0x0000000795580000, 0x0000000798000000, 0x00000007c0000000)
  eden space 33280K, 0% used [0x0000000795580000,0x0000000795580000,0x0000000797600000)
  from space 5120K, 99% used [0x0000000797b00000,0x0000000797ffb5f0,0x0000000798000000)
  to   space 5120K, 0% used [0x0000000797600000,0x0000000797600000,0x0000000797b00000)
 ParOldGen       total 87552K, used 10160K [0x0000000740000000, 0x0000000745580000, 0x0000000795580000)
  object space 87552K, 11% used [0x0000000740000000,0x00000007409ec1e0,0x0000000745580000)
 Metaspace       used 20640K, capacity 21220K, committed 21296K, reserved 1067008K
  class space    used 2776K, capacity 2938K, committed 2944K, reserved 1048576K
}
Event: 21.933 GC heap before
{Heap before GC invocations=3 (full 1):
 PSYoungGen      total 38400K, used 5101K [0x0000000795580000, 0x0000000798000000, 0x00000007c0000000)
  eden space 33280K, 0% used [0x0000000795580000,0x0000000795580000,0x0000000797600000)
  from space 5120K, 99% used [0x0000000797b00000,0x0000000797ffb5f0,0x0000000798000000)
  to   space 5120K, 0% used [0x0000000797600000,0x0000000797600000,0x0000000797b00000)
 ParOldGen       total 87552K, used 10160K [0x0000000740000000, 0x0000000745580000, 0x0000000795580000)
  object space 87552K, 11% used [0x0000000740000000,0x00000007409ec1e0,0x0000000745580000)
 Metaspace       used 20640K, capacity 21220K, committed 21296K, reserved 1067008K
  class space    used 2776K, capacity 2938K, committed 2944K, reserved 1048576K
Event: 21.985 GC heap after
Heap after GC invocations=3 (full 1):
 PSYoungGen      total 38400K, used 0K [0x0000000795580000, 0x0000000798000000, 0x00000007c0000000)
  eden space 33280K, 0% used [0x0000000795580000,0x0000000795580000,0x0000000797600000)
  from space 5120K, 0% used [0x0000000797b00000,0x0000000797b00000,0x0000000798000000)
  to   space 5120K, 0% used [0x0000000797600000,0x0000000797600000,0x0000000797b00000)
 ParOldGen       total 56832K, used 14958K [0x0000000740000000, 0x0000000743780000, 0x0000000795580000)
  object space 56832K, 26% used [0x0000000740000000,0x0000000740e9bb98,0x0000000743780000)
 Metaspace       used 20640K, capacity 21220K, committed 21296K, reserved 1067008K
  class space    used 2776K, capacity 2938K, committed 2944K, reserved 1048576K
}

Deoptimization events (10 events):
Event: 2.076 Thread 0x00007fd2d2171000 Uncommon trap: reason=class_check action=maybe_recompile pc=0x000000010771aa5c method=java.lang.String.equals(Ljava/lang/Object;)Z @ 8
Event: 2.079 Thread 0x00007fd2d2171000 Uncommon trap: reason=class_check action=maybe_recompile pc=0x000000010771aa5c method=java.lang.String.equals(Ljava/lang/Object;)Z @ 8
Event: 2.449 Thread 0x00007fd2d2171000 Uncommon trap: reason=unstable_if action=reinterpret pc=0x000000010783e220 method=java.lang.CharacterData.of(I)Ljava/lang/CharacterData; @ 4
Event: 2.517 Thread 0x00007fd2d2171000 Uncommon trap: reason=unstable_if action=reinterpret pc=0x00000001078f0c3c method=java.util.HashMap.putVal(ILjava/lang/Object;Ljava/lang/Object;ZZ)Ljava/lang/Object; @ 193
Event: 2.855 Thread 0x00007fd2d2170800 Uncommon trap: reason=unstable_if action=reinterpret pc=0x00000001078c3308 method=sun.net.www.ParseUtil.encodePath(Ljava/lang/String;Z)Ljava/lang/String; @ 109
Event: 4.209 Thread 0x00007fd2d2171000 Uncommon trap: reason=unstable_if action=reinterpret pc=0x000000010791ef74 method=jdk.internal.org.objectweb.asm.Type.getArgumentsAndReturnSizes(Ljava/lang/String;)I @ 47
Event: 4.417 Thread 0x00007fd2d2171000 Uncommon trap: reason=unstable_if action=reinterpret pc=0x000000010795ab0c method=java.lang.AbstractStringBuilder.append(Ljava/lang/String;)Ljava/lang/AbstractStringBuilder; @ 1
Event: 4.418 Thread 0x00007fd2d2171000 Uncommon trap: reason=unstable_if action=reinterpret pc=0x0000000107819a68 method=java.lang.AbstractStringBuilder.append(Ljava/lang/String;)Ljava/lang/AbstractStringBuilder; @ 1
Event: 4.749 Thread 0x00007fd2d2423000 Uncommon trap: reason=range_check action=make_not_entrant pc=0x0000000107a1868c method=java.awt.image.DirectColorModel.setFields()V @ 65
Event: 21.729 Thread 0x00007fd2d188c000 Uncommon trap: reason=unstable_if action=reinterpret pc=0x0000000107804f6c method=java.awt.Component.inside(II)Z @ 13

Internal exceptions (10 events):
Event: 1.320 Thread 0x00007fd2d2171000 Exception <a 'java/lang/NullPointerException'> (0x0000000796336b80) thrown at [/Users/java_re/workspace/8-2-build-macosx-x86_64/jdk8u65/4987/hotspot/src/share/vm/prims/jvm.cpp, line 1390]
Event: 1.445 Thread 0x00007fd2d2171000 Exception <a 'java/lang/ArrayIndexOutOfBoundsException': 58> (0x000000079655a098) thrown at [/Users/java_re/workspace/8-2-build-macosx-x86_64/jdk8u65/4987/hotspot/src/share/vm/interpreter/interpreterRuntime.cpp, line 366]
Event: 1.447 Thread 0x00007fd2d2171000 Exception <a 'java/lang/ArrayIndexOutOfBoundsException': 18> (0x000000079655ad38) thrown at [/Users/java_re/workspace/8-2-build-macosx-x86_64/jdk8u65/4987/hotspot/src/share/vm/interpreter/interpreterRuntime.cpp, line 366]
Event: 1.447 Thread 0x00007fd2d2171000 Exception <a 'java/lang/ArrayIndexOutOfBoundsException': 86> (0x000000079655c0e0) thrown at [/Users/java_re/workspace/8-2-build-macosx-x86_64/jdk8u65/4987/hotspot/src/share/vm/interpreter/interpreterRuntime.cpp, line 366]
Event: 4.290 Thread 0x00007fd2d2171000 Exception <a 'java/io/FileNotFoundException'> (0x00000007955d0d60) thrown at [/Users/java_re/workspace/8-2-build-macosx-x86_64/jdk8u65/4987/hotspot/src/share/vm/prims/jni.cpp, line 709]
Event: 4.290 Thread 0x00007fd2d2171000 Exception <a 'java/io/FileNotFoundException'> (0x00000007955d1cb0) thrown at [/Users/java_re/workspace/8-2-build-macosx-x86_64/jdk8u65/4987/hotspot/src/share/vm/prims/jni.cpp, line 709]
Event: 4.298 Thread 0x00007fd2d2171000 Exception <a 'java/io/FileNotFoundException'> (0x00000007955dfc70) thrown at [/Users/java_re/workspace/8-2-build-macosx-x86_64/jdk8u65/4987/hotspot/src/share/vm/prims/jni.cpp, line 709]
Event: 4.417 Thread 0x00007fd2d2171000 Implicit null exception at 0x000000010795a775 to 0x000000010795aaf9
Event: 4.418 Thread 0x00007fd2d2171000 Implicit null exception at 0x00000001078196f5 to 0x0000000107819a55
Event: 21.987 Thread 0x00007fd2d201b800 Exception <a 'java/lang/NullPointerException'> (0x00000007956579d8) thrown at [/Users/java_re/workspace/8-2-build-macosx-x86_64/jdk8u65/4987/hotspot/src/share/vm/interpreter/linkResolver.cpp, line 1178]

Events (10 events):
Event: 26.626 loading class javafx/application/Application done
Event: 26.636 loading class com/sun/javafx/tk/quantum/QuantumRenderer
Event: 26.636 loading class com/sun/javafx/tk/quantum/QuantumRenderer done
Event: 26.636 loading class com/sun/javafx/tk/quantum/QuantumToolkit
Event: 26.636 loading class com/sun/javafx/tk/quantum/QuantumToolkit done
Event: 26.636 Thread 0x00007fd2d2170800 Thread exited: 0x00007fd2d2170800
Event: 26.637 Thread 0x00007fd2d11ac000 Thread exited: 0x00007fd2d11ac000
Event: 26.637 Thread 0x00007fd2d1803000 Thread exited: 0x00007fd2d1803000
Event: 26.637 Thread 0x00007fd2d2171000 Thread exited: 0x00007fd2d2171000
Event: 26.637 Thread 0x00007fd2da00e800 Thread added: 0x00007fd2da00e800


Dynamic libraries:
0x0000000002adc000 	/System/Library/Frameworks/Cocoa.framework/Versions/A/Cocoa
0x0000000002adc000 	/System/Library/Frameworks/Security.framework/Versions/A/Security
0x0000000002adc000 	/System/Library/Frameworks/ApplicationServices.framework/Versions/A/ApplicationServices
0x0000000002adc000 	/usr/lib/libz.1.dylib
0x0000000002adc000 	/usr/lib/libSystem.B.dylib
0x0000000002adc000 	/usr/lib/libobjc.A.dylib
0x0000000002adc000 	/System/Library/Frameworks/CoreFoundation.framework/Versions/A/CoreFoundation
0x0000000002adc000 	/System/Library/Frameworks/Foundation.framework/Versions/C/Foundation
0x0000000002adc000 	/System/Library/Frameworks/AppKit.framework/Versions/C/AppKit
0x0000000002adc000 	/System/Library/Frameworks/CoreData.framework/Versions/A/CoreData
0x0000000002adc000 	/System/Library/PrivateFrameworks/RemoteViewServices.framework/Versions/A/RemoteViewServices
0x0000000002adc000 	/System/Library/PrivateFrameworks/UIFoundation.framework/Versions/A/UIFoundation
0x0000000002adc000 	/usr/lib/libScreenReader.dylib
0x0000000002adc000 	/System/Library/Frameworks/Accelerate.framework/Versions/A/Accelerate
0x0000000002adc000 	/System/Library/Frameworks/IOSurface.framework/Versions/A/IOSurface
0x0000000002adc000 	/System/Library/Frameworks/AudioToolbox.framework/Versions/A/AudioToolbox
0x0000000002adc000 	/System/Library/Frameworks/AudioUnit.framework/Versions/A/AudioUnit
0x0000000002adc000 	/System/Library/PrivateFrameworks/DataDetectorsCore.framework/Versions/A/DataDetectorsCore
0x0000000002adc000 	/System/Library/PrivateFrameworks/DesktopServicesPriv.framework/Versions/A/DesktopServicesPriv
0x0000000002adc000 	/System/Library/Frameworks/Carbon.framework/Versions/A/Frameworks/HIToolbox.framework/Versions/A/HIToolbox
0x0000000002adc000 	/System/Library/Frameworks/QuartzCore.framework/Versions/A/QuartzCore
0x0000000002adc000 	/System/Library/Frameworks/Carbon.framework/Versions/A/Frameworks/SpeechRecognition.framework/Versions/A/SpeechRecognition
0x0000000002adc000 	/usr/lib/libauto.dylib
0x0000000002adc000 	/usr/lib/libicucore.A.dylib
0x0000000002adc000 	/usr/lib/libxml2.2.dylib
0x0000000002adc000 	/System/Library/PrivateFrameworks/CoreUI.framework/Versions/A/CoreUI
0x0000000002adc000 	/System/Library/Frameworks/CoreAudio.framework/Versions/A/CoreAudio
0x0000000002adc000 	/System/Library/Frameworks/DiskArbitration.framework/Versions/A/DiskArbitration
0x0000000002adc000 	/usr/lib/liblangid.dylib
0x0000000002adc000 	/System/Library/PrivateFrameworks/MultitouchSupport.framework/Versions/A/MultitouchSupport
0x0000000002adc000 	/System/Library/Frameworks/IOKit.framework/Versions/A/IOKit
0x0000000002adc000 	/usr/lib/libDiagnosticMessagesClient.dylib
0x0000000002adc000 	/System/Library/Frameworks/CoreServices.framework/Versions/A/CoreServices
0x0000000002adc000 	/System/Library/PrivateFrameworks/PerformanceAnalysis.framework/Versions/A/PerformanceAnalysis
0x0000000002adc000 	/System/Library/PrivateFrameworks/GenerationalStorage.framework/Versions/A/GenerationalStorage
0x0000000002adc000 	/System/Library/Frameworks/OpenGL.framework/Versions/A/OpenGL
0x0000000002adc000 	/System/Library/PrivateFrameworks/Sharing.framework/Versions/A/Sharing
0x0000000002adc000 	/System/Library/Frameworks/CoreGraphics.framework/Versions/A/CoreGraphics
0x0000000002adc000 	/System/Library/Frameworks/CoreImage.framework/Versions/A/CoreImage
0x0000000002adc000 	/System/Library/Frameworks/CoreText.framework/Versions/A/CoreText
0x0000000002adc000 	/System/Library/Frameworks/ImageIO.framework/Versions/A/ImageIO
0x0000000002adc000 	/System/Library/PrivateFrameworks/Backup.framework/Versions/A/Backup
0x0000000002adc000 	/usr/lib/libextension.dylib
0x0000000002adc000 	/usr/lib/libarchive.2.dylib
0x0000000002adc000 	/System/Library/Frameworks/CFNetwork.framework/Versions/A/CFNetwork
0x0000000002adc000 	/System/Library/Frameworks/SystemConfiguration.framework/Versions/A/SystemConfiguration
0x0000000002adc000 	/usr/lib/libCRFSuite.dylib
0x0000000002adc000 	/usr/lib/libc++.1.dylib
0x0000000002adc000 	/usr/lib/libc++abi.dylib
0x0000000002adc000 	/usr/lib/system/libcache.dylib
0x0000000002adc000 	/usr/lib/system/libcommonCrypto.dylib
0x0000000002adc000 	/usr/lib/system/libcompiler_rt.dylib
0x0000000002adc000 	/usr/lib/system/libcopyfile.dylib
0x0000000002adc000 	/usr/lib/system/libcorecrypto.dylib
0x0000000002adc000 	/usr/lib/system/libdispatch.dylib
0x0000000002adc000 	/usr/lib/system/libdyld.dylib
0x0000000002adc000 	/usr/lib/system/libkeymgr.dylib
0x0000000002adc000 	/usr/lib/system/liblaunch.dylib
0x0000000002adc000 	/usr/lib/system/libmacho.dylib
0x0000000002adc000 	/usr/lib/system/libquarantine.dylib
0x0000000002adc000 	/usr/lib/system/libremovefile.dylib
0x0000000002adc000 	/usr/lib/system/libsystem_asl.dylib
0x0000000002adc000 	/usr/lib/system/libsystem_blocks.dylib
0x0000000002adc000 	/usr/lib/system/libsystem_c.dylib
0x0000000002adc000 	/usr/lib/system/libsystem_configuration.dylib
0x0000000002adc000 	/usr/lib/system/libsystem_coreservices.dylib
0x0000000002adc000 	/usr/lib/system/libsystem_coretls.dylib
0x0000000002adc000 	/usr/lib/system/libsystem_dnssd.dylib
0x0000000002adc000 	/usr/lib/system/libsystem_info.dylib
0x0000000002adc000 	/usr/lib/system/libsystem_kernel.dylib
0x0000000002adc000 	/usr/lib/system/libsystem_m.dylib
0x0000000002adc000 	/usr/lib/system/libsystem_malloc.dylib
0x0000000002adc000 	/usr/lib/system/libsystem_network.dylib
0x0000000002adc000 	/usr/lib/system/libsystem_networkextension.dylib
0x0000000002adc000 	/usr/lib/system/libsystem_notify.dylib
0x0000000002adc000 	/usr/lib/system/libsystem_platform.dylib
0x0000000002adc000 	/usr/lib/system/libsystem_pthread.dylib
0x0000000002adc000 	/usr/lib/system/libsystem_sandbox.dylib
0x0000000002adc000 	/usr/lib/system/libsystem_secinit.dylib
0x0000000002adc000 	/usr/lib/system/libsystem_trace.dylib
0x0000000002adc000 	/usr/lib/system/libunc.dylib
0x0000000002adc000 	/usr/lib/system/libunwind.dylib
0x0000000002adc000 	/usr/lib/system/libxpc.dylib
0x0000000002adc000 	/usr/lib/libenergytrace.dylib
0x0000000002adc000 	/usr/lib/libbsm.0.dylib
0x0000000002adc000 	/usr/lib/system/libkxld.dylib
0x0000000002adc000 	/usr/lib/libxar.1.dylib
0x0000000002adc000 	/usr/lib/libsqlite3.dylib
0x0000000002adc000 	/usr/lib/libpam.2.dylib
0x0000000002adc000 	/usr/lib/libOpenScriptingUtil.dylib
0x0000000002adc000 	/usr/lib/libbz2.1.0.dylib
0x0000000002adc000 	/usr/lib/liblzma.5.dylib
0x0000000002adc000 	/System/Library/Frameworks/CoreServices.framework/Versions/A/Frameworks/FSEvents.framework/Versions/A/FSEvents
0x0000000002adc000 	/System/Library/Frameworks/CoreServices.framework/Versions/A/Frameworks/CarbonCore.framework/Versions/A/CarbonCore
0x0000000002adc000 	/System/Library/Frameworks/CoreServices.framework/Versions/A/Frameworks/Metadata.framework/Versions/A/Metadata
0x0000000002adc000 	/System/Library/Frameworks/CoreServices.framework/Versions/A/Frameworks/OSServices.framework/Versions/A/OSServices
0x0000000002adc000 	/System/Library/Frameworks/CoreServices.framework/Versions/A/Frameworks/SearchKit.framework/Versions/A/SearchKit
0x0000000002adc000 	/System/Library/Frameworks/CoreServices.framework/Versions/A/Frameworks/AE.framework/Versions/A/AE
0x0000000002adc000 	/System/Library/Frameworks/CoreServices.framework/Versions/A/Frameworks/LaunchServices.framework/Versions/A/LaunchServices
0x0000000002adc000 	/System/Library/Frameworks/CoreServices.framework/Versions/A/Frameworks/DictionaryServices.framework/Versions/A/DictionaryServices
0x0000000002adc000 	/System/Library/Frameworks/CoreServices.framework/Versions/A/Frameworks/SharedFileList.framework/Versions/A/SharedFileList
0x0000000002adc000 	/System/Library/Frameworks/NetFS.framework/Versions/A/NetFS
0x0000000002adc000 	/System/Library/PrivateFrameworks/NetAuth.framework/Versions/A/NetAuth
0x0000000002adc000 	/System/Library/PrivateFrameworks/login.framework/Versions/A/Frameworks/loginsupport.framework/Versions/A/loginsupport
0x0000000002adc000 	/System/Library/PrivateFrameworks/TCC.framework/Versions/A/TCC
0x0000000002adc000 	/usr/lib/libmecabra.dylib
0x0000000002adc000 	/System/Library/Frameworks/ApplicationServices.framework/Versions/A/Frameworks/ATS.framework/Versions/A/ATS
0x0000000002adc000 	/System/Library/Frameworks/ApplicationServices.framework/Versions/A/Frameworks/ColorSync.framework/Versions/A/ColorSync
0x0000000002adc000 	/System/Library/Frameworks/ApplicationServices.framework/Versions/A/Frameworks/HIServices.framework/Versions/A/HIServices
0x0000000002adc000 	/System/Library/Frameworks/ApplicationServices.framework/Versions/A/Frameworks/LangAnalysis.framework/Versions/A/LangAnalysis
0x0000000002adc000 	/System/Library/Frameworks/ApplicationServices.framework/Versions/A/Frameworks/PrintCore.framework/Versions/A/PrintCore
0x0000000002adc000 	/System/Library/Frameworks/ApplicationServices.framework/Versions/A/Frameworks/QD.framework/Versions/A/QD
0x0000000002adc000 	/System/Library/Frameworks/ApplicationServices.framework/Versions/A/Frameworks/SpeechSynthesis.framework/Versions/A/SpeechSynthesis
0x0000000002adc000 	/System/Library/Frameworks/Metal.framework/Versions/A/Metal
0x0000000002adc000 	/System/Library/Frameworks/Accelerate.framework/Versions/A/Frameworks/vImage.framework/Versions/A/vImage
0x0000000002adc000 	/System/Library/Frameworks/Accelerate.framework/Versions/A/Frameworks/vecLib.framework/Versions/A/vecLib
0x0000000002adc000 	/System/Library/Frameworks/Accelerate.framework/Versions/A/Frameworks/vecLib.framework/Versions/A/libvDSP.dylib
0x0000000002adc000 	/System/Library/Frameworks/Accelerate.framework/Versions/A/Frameworks/vecLib.framework/Versions/A/libvMisc.dylib
0x0000000002adc000 	/System/Library/Frameworks/Accelerate.framework/Versions/A/Frameworks/vecLib.framework/Versions/A/libLAPACK.dylib
0x0000000002adc000 	/System/Library/Frameworks/Accelerate.framework/Versions/A/Frameworks/vecLib.framework/Versions/A/libBLAS.dylib
0x0000000002adc000 	/System/Library/Frameworks/Accelerate.framework/Versions/A/Frameworks/vecLib.framework/Versions/A/libLinearAlgebra.dylib
0x0000000002adc000 	/System/Library/Frameworks/Accelerate.framework/Versions/A/Frameworks/vecLib.framework/Versions/A/libSparseBLAS.dylib
0x0000000002adc000 	/System/Library/PrivateFrameworks/GPUCompiler.framework/libmetal_timestamp.dylib
0x0000000002adc000 	/System/Library/Frameworks/OpenGL.framework/Versions/A/Libraries/libCoreFSCache.dylib
0x0000000002adc000 	/System/Library/PrivateFrameworks/IOAccelerator.framework/Versions/A/IOAccelerator
0x0000000002adc000 	/System/Library/Frameworks/ApplicationServices.framework/Versions/A/Frameworks/ATS.framework/Versions/A/Resources/libFontParser.dylib
0x0000000002adc000 	/System/Library/Frameworks/ApplicationServices.framework/Versions/A/Frameworks/ATS.framework/Versions/A/Resources/libFontRegistry.dylib
0x0000000002adc000 	/System/Library/PrivateFrameworks/AppleVPA.framework/Versions/A/AppleVPA
0x0000000002adc000 	/System/Library/PrivateFrameworks/AppleJPEG.framework/Versions/A/AppleJPEG
0x0000000002adc000 	/System/Library/Frameworks/ImageIO.framework/Versions/A/Resources/libJPEG.dylib
0x0000000002adc000 	/System/Library/Frameworks/ImageIO.framework/Versions/A/Resources/libTIFF.dylib
0x0000000002adc000 	/System/Library/Frameworks/ImageIO.framework/Versions/A/Resources/libPng.dylib
0x0000000002adc000 	/System/Library/Frameworks/ImageIO.framework/Versions/A/Resources/libGIF.dylib
0x0000000002adc000 	/System/Library/Frameworks/ImageIO.framework/Versions/A/Resources/libJP2.dylib
0x0000000002adc000 	/System/Library/Frameworks/ImageIO.framework/Versions/A/Resources/libRadiance.dylib
0x0000000002adc000 	/System/Library/Frameworks/CoreVideo.framework/Versions/A/CoreVideo
0x0000000002adc000 	/System/Library/Frameworks/OpenGL.framework/Versions/A/Libraries/libGLU.dylib
0x0000000002adc000 	/System/Library/Frameworks/OpenGL.framework/Versions/A/Libraries/libGFXShared.dylib
0x0000000002adc000 	/System/Library/Frameworks/OpenGL.framework/Versions/A/Libraries/libGL.dylib
0x0000000002adc000 	/System/Library/Frameworks/OpenGL.framework/Versions/A/Libraries/libGLImage.dylib
0x0000000002adc000 	/System/Library/Frameworks/OpenGL.framework/Versions/A/Libraries/libCVMSPluginSupport.dylib
0x0000000002adc000 	/System/Library/Frameworks/OpenGL.framework/Versions/A/Libraries/libCoreVMClient.dylib
0x0000000002adc000 	/usr/lib/libcups.2.dylib
0x0000000002adc000 	/System/Library/Frameworks/Kerberos.framework/Versions/A/Kerberos
0x0000000002adc000 	/System/Library/Frameworks/GSS.framework/Versions/A/GSS
0x0000000002adc000 	/usr/lib/libresolv.9.dylib
0x0000000002adc000 	/usr/lib/libiconv.2.dylib
0x0000000002adc000 	/System/Library/PrivateFrameworks/Heimdal.framework/Versions/A/Heimdal
0x0000000002adc000 	/usr/lib/libheimdal-asn1.dylib
0x0000000002adc000 	/System/Library/Frameworks/OpenDirectory.framework/Versions/A/OpenDirectory
0x0000000002adc000 	/System/Library/PrivateFrameworks/CommonAuth.framework/Versions/A/CommonAuth
0x0000000002adc000 	/System/Library/Frameworks/OpenDirectory.framework/Versions/A/Frameworks/CFOpenDirectory.framework/Versions/A/CFOpenDirectory
0x0000000002adc000 	/System/Library/Frameworks/SecurityFoundation.framework/Versions/A/SecurityFoundation
0x0000000002adc000 	/System/Library/PrivateFrameworks/LanguageModeling.framework/Versions/A/LanguageModeling
0x0000000002adc000 	/usr/lib/libmarisa.dylib
0x0000000002adc000 	/usr/lib/libChineseTokenizer.dylib
0x0000000002adc000 	/usr/lib/libcmph.dylib
0x0000000002adc000 	/usr/lib/libcompression.dylib
0x0000000002adc000 	/System/Library/Frameworks/ServiceManagement.framework/Versions/A/ServiceManagement
0x0000000002adc000 	/usr/lib/libxslt.1.dylib
0x0000000002adc000 	/System/Library/Frameworks/Carbon.framework/Versions/A/Frameworks/Ink.framework/Versions/A/Ink
0x0000000002adc000 	/usr/lib/libFosl_dynamic.dylib
0x0000000002adc000 	/System/Library/PrivateFrameworks/FaceCore.framework/Versions/A/FaceCore
0x0000000002adc000 	/System/Library/Frameworks/OpenCL.framework/Versions/A/OpenCL
0x0000000002adc000 	/System/Library/PrivateFrameworks/CrashReporterSupport.framework/Versions/A/CrashReporterSupport
0x0000000002adc000 	/System/Library/PrivateFrameworks/IconServices.framework/Versions/A/IconServices
0x0000000002adc000 	/System/Library/PrivateFrameworks/Apple80211.framework/Versions/A/Apple80211
0x0000000002adc000 	/System/Library/Frameworks/CoreWLAN.framework/Versions/A/CoreWLAN
0x0000000002adc000 	/System/Library/Frameworks/IOBluetooth.framework/Versions/A/IOBluetooth
0x0000000002adc000 	/System/Library/PrivateFrameworks/CoreWiFi.framework/Versions/A/CoreWiFi
0x0000000002adc000 	/System/Library/Frameworks/CoreBluetooth.framework/Versions/A/CoreBluetooth
0x0000000002adc000 	/System/Library/PrivateFrameworks/ChunkingLibrary.framework/Versions/A/ChunkingLibrary
0x0000000002adc000 	/System/Library/PrivateFrameworks/DebugSymbols.framework/Versions/A/DebugSymbols
0x0000000002adc000 	/System/Library/PrivateFrameworks/CoreSymbolication.framework/Versions/A/CoreSymbolication
0x0000000002adc000 	/System/Library/PrivateFrameworks/Symbolication.framework/Versions/A/Symbolication
0x0000000002adc000 	/System/Library/PrivateFrameworks/SpeechRecognitionCore.framework/Versions/A/SpeechRecognitionCore
0x0000000105dfc000 	/Library/Java/JavaVirtualMachines/jdk1.8.0_65.jdk/Contents/Home/jre/lib/server/libjvm.dylib
0x0000000002adc000 	/usr/lib/libstdc++.6.dylib
0x0000000106d85000 	/Library/Java/JavaVirtualMachines/jdk1.8.0_65.jdk/Contents/Home/jre/lib/libverify.dylib
0x0000000106d97000 	/Library/Java/JavaVirtualMachines/jdk1.8.0_65.jdk/Contents/Home/jre/lib/libjava.dylib
0x0000000106dd6000 	/Library/Java/JavaVirtualMachines/jdk1.8.0_65.jdk/Contents/Home/jre/lib/libzip.dylib
0x000000011cf1a000 	/System/Library/Frameworks/JavaVM.framework/Frameworks/JavaRuntimeSupport.framework/JavaRuntimeSupport
0x000000011cf35000 	/System/Library/Frameworks/JavaVM.framework/Versions/A/Frameworks/JavaNativeFoundation.framework/Versions/A/JavaNativeFoundation
0x000000011cf4a000 	/System/Library/Frameworks/JavaVM.framework/Versions/A/JavaVM
0x0000000002adc000 	/System/Library/Frameworks/Carbon.framework/Versions/A/Carbon
0x000000011cf57000 	/System/Library/PrivateFrameworks/JavaLaunching.framework/Versions/A/JavaLaunching
0x0000000002adc000 	/System/Library/Frameworks/Carbon.framework/Versions/A/Frameworks/CommonPanels.framework/Versions/A/CommonPanels
0x0000000002adc000 	/System/Library/Frameworks/Carbon.framework/Versions/A/Frameworks/Help.framework/Versions/A/Help
0x0000000002adc000 	/System/Library/Frameworks/Carbon.framework/Versions/A/Frameworks/ImageCapture.framework/Versions/A/ImageCapture
0x0000000002adc000 	/System/Library/Frameworks/Carbon.framework/Versions/A/Frameworks/OpenScripting.framework/Versions/A/OpenScripting
0x0000000002adc000 	/System/Library/Frameworks/Carbon.framework/Versions/A/Frameworks/Print.framework/Versions/A/Print
0x0000000002adc000 	/System/Library/Frameworks/Carbon.framework/Versions/A/Frameworks/SecurityHI.framework/Versions/A/SecurityHI
0x000000011e912000 	/Library/Java/JavaVirtualMachines/jdk1.8.0_65.jdk/Contents/Home/jre/lib/libprism_es2.dylib
0x0000000002adc000 	/System/Library/Frameworks/OpenGL.framework/Versions/A/Resources/GLEngine.bundle/GLEngine
0x0000000002adc000 	/System/Library/Frameworks/OpenGL.framework/Versions/A/Libraries/libGLProgrammability.dylib
0x000000011e993000 	/System/Library/Extensions/AppleIntelHD5000GraphicsGLDriver.bundle/Contents/MacOS/AppleIntelHD5000GraphicsGLDriver
0x0000000002adc000 	/System/Library/PrivateFrameworks/GPUSupport.framework/Versions/A/Libraries/libGPUSupportMercury.dylib
0x0000000002adc000 	/System/Library/Frameworks/OpenGL.framework/Versions/A/Resources/GLRendererFloat.bundle/GLRendererFloat
0x0000000002adc000 	/System/Library/Frameworks/OpenCL.framework/Versions/A/Libraries/libcldcpuengine.dylib
0x0000000002adc000 	/System/Library/PrivateFrameworks/DiskImages.framework/Versions/A/DiskImages
0x0000000002adc000 	/System/Library/Frameworks/DiscRecording.framework/Versions/A/DiscRecording
0x0000000002adc000 	/usr/lib/libcsfde.dylib
0x0000000002adc000 	/usr/lib/libcurl.4.dylib
0x0000000002adc000 	/System/Library/PrivateFrameworks/MediaKit.framework/Versions/A/MediaKit
0x0000000002adc000 	/System/Library/PrivateFrameworks/ProtectedCloudStorage.framework/Versions/A/ProtectedCloudStorage
0x0000000002adc000 	/usr/lib/libCoreStorage.dylib
0x0000000002adc000 	/System/Library/PrivateFrameworks/EFILogin.framework/Versions/A/EFILogin
0x0000000002adc000 	/usr/lib/libutil.dylib
0x0000000002adc000 	/System/Library/PrivateFrameworks/FindMyDevice.framework/Versions/A/FindMyDevice
0x0000000002adc000 	/System/Library/Frameworks/LDAP.framework/Versions/A/LDAP
0x0000000002adc000 	/usr/lib/libsasl2.2.dylib
0x0000000002adc000 	/System/Library/PrivateFrameworks/CoreDaemon.framework/Versions/B/CoreDaemon
0x0000000002adc000 	/usr/lib/libcrypto.0.9.8.dylib
0x0000000002adc000 	/System/Library/PrivateFrameworks/AppleSRP.framework/Versions/A/AppleSRP
0x0000000002adc000 	/System/Library/PrivateFrameworks/TrustEvaluationAgent.framework/Versions/A/TrustEvaluationAgent
0x000000011f51d000 	/Library/Java/JavaVirtualMachines/jdk1.8.0_65.jdk/Contents/Home/jre/lib/libglass.dylib
0x0000000002adc000 	/System/Library/PrivateFrameworks/CoreServicesInternal.framework/Versions/A/CoreServicesInternal
0x0000000002adc000 	/System/Library/CoreServices/RawCamera.bundle/Contents/MacOS/RawCamera
0x0000000002adc000 	/System/Library/Frameworks/CoreGraphics.framework/Versions/A/Resources/libRIP.A.dylib
0x0000000002adc000 	/System/Library/Frameworks/Accelerate.framework/Versions/A/Frameworks/vImage.framework/Versions/A/Libraries/libCGInterfaces.dylib
0x0000000002adc000 	/System/Library/PrivateFrameworks/FamilyControls.framework/Versions/A/FamilyControls
0x0000000002adc000 	/System/Library/PrivateFrameworks/CommerceKit.framework/Versions/A/Frameworks/CommerceCore.framework/Versions/A/CommerceCore
0x0000000002adc000 	/System/Library/PrivateFrameworks/SystemAdministration.framework/Versions/A/SystemAdministration
0x0000000002adc000 	/System/Library/PrivateFrameworks/AppContainer.framework/Versions/A/AppContainer
0x0000000002adc000 	/System/Library/PrivateFrameworks/SecCodeWrapper.framework/Versions/A/SecCodeWrapper
0x0000000002adc000 	/System/Library/Frameworks/DirectoryService.framework/Versions/A/DirectoryService
0x0000000002adc000 	/System/Library/PrivateFrameworks/LoginUIKit.framework/Versions/A/Frameworks/LoginUICore.framework/Versions/A/LoginUICore
0x0000000002adc000 	/usr/lib/libodfde.dylib
0x00000001223db000 	/Library/Java/JavaVirtualMachines/jdk1.8.0_65.jdk/Contents/Home/jre/lib/libjavafx_iio.dylib
0x0000000122619000 	/Library/Java/JavaVirtualMachines/jdk1.8.0_65.jdk/Contents/Home/jre/lib/libjavafx_font.dylib
0x0000000002adc000 	/System/Library/Frameworks/CoreGraphics.framework/Versions/A/Resources/libCGXType.A.dylib
0x0000000124922000 	cl_kernels
0x0000000002adc000 	/System/Library/Frameworks/OpenCL.framework/Versions/A/Libraries/ImageFormats/unorm8_bgra.dylib
0x0000000002adc000 	/System/Library/Frameworks/OpenCL.framework/Versions/A/Libraries/ImageFormats/unorm8_rgba.dylib
0x0000000126cf9000 	/System/Library/Extensions/AppleIntelHD5000GraphicsMTLDriver.bundle/Contents/MacOS/AppleIntelHD5000GraphicsMTLDriver
0x0000000122393000 	/Library/Java/JavaVirtualMachines/jdk1.8.0_65.jdk/Contents/Home/jre/lib/libprism_common.dylib
0x0000000127d40000 	/Library/Java/JavaVirtualMachines/jdk1.8.0_65.jdk/Contents/Home/jre/lib/libawt.dylib
0x0000000127de8000 	/Library/Java/JavaVirtualMachines/jdk1.8.0_65.jdk/Contents/Home/jre/lib/./libmlib_image.dylib
0x0000000127eb4000 	/Library/Java/JavaVirtualMachines/jdk1.8.0_65.jdk/Contents/Home/jre/lib/libawt_lwawt.dylib
0x0000000127f69000 	/Library/Java/JavaVirtualMachines/jdk1.8.0_65.jdk/Contents/Home/jre/lib/./libosxapp.dylib
0x0000000002adc000 	/System/Library/Frameworks/ExceptionHandling.framework/Versions/A/ExceptionHandling
0x0000000128809000 	/Library/Java/JavaVirtualMachines/jdk1.8.0_65.jdk/Contents/Home/jre/lib/libfontmanager.dylib
0x0000000128a70000 	/Library/Java/JavaVirtualMachines/jdk1.8.0_65.jdk/Contents/Home/jre/lib/libosxui.dylib
0x00000001297d0000 	/Library/Java/JavaVirtualMachines/jdk1.8.0_65.jdk/Contents/Home/jre/lib/libjpeg.dylib
0x0000000129893000 	/Library/Java/JavaVirtualMachines/jdk1.8.0_65.jdk/Contents/Home/jre/lib/libnet.dylib
0x0000000129991000 	/Library/Java/JavaVirtualMachines/jdk1.8.0_65.jdk/Contents/Home/jre/lib/libnio.dylib
0x0000000002adc000 	/System/Library/Frameworks/ApplicationServices.framework/Versions/A/Frameworks/ATS.framework/Versions/A/Resources/libTrueTypeScaler.dylib

VM Arguments:
jvm_args: -Dfile.encoding=UTF-8 
java_command: /Users/madhaviunnam/NetBeansProjects/MemoryAid/dist/run2048105251/MemoryAid.jar
java_class_path (initial): /Users/madhaviunnam/NetBeansProjects/MemoryAid/dist/run2048105251/MemoryAid.jar
Launcher Type: SUN_STANDARD

Environment Variables:
PATH=/usr/bin:/bin:/usr/sbin:/sbin
LD_LIBRARY_PATH=/Library/Java/JavaVirtualMachines/jdk1.8.0_65.jdk/Contents/Home/jre/lib/amd64:/Library/Java/JavaVirtualMachines/jdk1.8.0_65.jdk/Contents/Home/jre/lib/i386:
SHELL=/bin/bash

Signal Handlers:
SIGSEGV: [libjvm.dylib+0x5a6d31], sa_mask[0]=11111111011111110111111111111111, sa_flags=SA_ONSTACK|SA_RESTART|SA_SIGINFO
SIGBUS: [libjvm.dylib+0x5a6d31], sa_mask[0]=11111111011111110111111111111111, sa_flags=SA_RESTART|SA_SIGINFO
SIGFPE: [libjvm.dylib+0x480a40], sa_mask[0]=11111111011111110111111111111111, sa_flags=SA_RESTART|SA_SIGINFO
SIGPIPE: [libjvm.dylib+0x480a40], sa_mask[0]=11111111011111110111111111111111, sa_flags=SA_RESTART|SA_SIGINFO
SIGXFSZ: [libjvm.dylib+0x480a40], sa_mask[0]=11111111011111110111111111111111, sa_flags=SA_RESTART|SA_SIGINFO
SIGILL: [libjvm.dylib+0x480a40], sa_mask[0]=11111111011111110111111111111111, sa_flags=SA_RESTART|SA_SIGINFO
SIGUSR1: SIG_DFL, sa_mask[0]=00000000000000000000000000000000, sa_flags=none
SIGUSR2: [libjvm.dylib+0x48055e], sa_mask[0]=00100000000000000000000000000000, sa_flags=SA_RESTART|SA_SIGINFO
SIGHUP: [libjvm.dylib+0x47eb35], sa_mask[0]=11111111011111110111111111111111, sa_flags=SA_RESTART|SA_SIGINFO
SIGINT: SIG_IGN, sa_mask[0]=00000000000000000000000000000000, sa_flags=none
SIGTERM: [libjvm.dylib+0x47eb35], sa_mask[0]=11111111011111110111111111111111, sa_flags=SA_RESTART|SA_SIGINFO
SIGQUIT: [libjvm.dylib+0x47eb35], sa_mask[0]=11111111011111110111111111111111, sa_flags=SA_RESTART|SA_SIGINFO


---------------  S Y S T E M  ---------------

OS:Bsduname:Darwin 15.0.0 Darwin Kernel Version 15.0.0: Wed Aug 26 16:57:32 PDT 2015; root:xnu-3247.1.106~1/RELEASE_X86_64 x86_64
rlimit: STACK 8192k, CORE 0k, NPROC 709, NOFILE 10240, AS infinity
load average:3.23 2.19 1.98

CPU:total 4 (2 cores per cpu, 2 threads per core) family 6 model 69 stepping 1, cmov, cx8, fxsr, mmx, sse, sse2, sse3, ssse3, sse4.1, sse4.2, popcnt, avx, avx2, aes, clmul, erms, lzcnt, ht, tsc, tscinvbit, bmi1, bmi2

Memory: 4k page, physical 8388608k(49316k free)

/proc/meminfo:


vm_info: Java HotSpot(TM) 64-Bit Server VM (25.65-b01) for bsd-amd64 JRE (1.8.0_65-b17), built on Oct  6 2015 15:36:46 by "java_re" with gcc 4.2.1 (Based on Apple Inc. build 5658) (LLVM build 2336.11.00)

time: Thu Nov 12 19:57:34 2015
elapsed time: 26 seconds (0d 0h 0m 26s)

